200505 152805.057|CONFIG|main|setFileHandlers|Now logging to C:\Users\Admin\Desktop\CTDL_GT_TS\pc2Client\pc2Client\bin\logs directory.
200505 152805.057|INFO|main|info|
200505 152805.057|INFO|main|info|Version 9.6.0 20190102 (Wednesday, January 2nd 2019 01:20 UTC) Java ver 1.8.0_201 build 5102 Windows 10 10.0 (amd64) 
200505 152805.057|INFO|main|startLog|Working directory is C:\Users\Admin\Desktop\CTDL_GT_TS\pc2Client\pc2Client\bin
200505 152805.073|INFO|main|startLog|Process id is 12848@DESKTOP-S30D2EK
200505 152805.073|INFO|main|start|Starting ConnectionManager...
200505 152805.489|INFO|main|start|Started ConnectionManager
200505 152805.497|INFO|main|setClientServerAndPort|INIFile File location: file:/C:/Users/Admin/Desktop/CTDL_GT_TS/pc2Client/pc2Client/bin/pc2v9.ini
200505 152805.497|INFO|main|setClientServerAndPort|setClientServerAndPort 203.162.10.117 parsed as 203.162.10.117 port 50002
200505 152805.497|INFO|main|info|Contacting server at 203.162.10.117:50002
200505 152805.498|INFO|main|connectToMyServer|Connecting to 203.162.10.117:50002
200505 152805.573|INFO|Thread-1|receiveUnencrypted|receiveUnencrypted(TransportWrapper, ConnectionHandlerID=Socket[addr=/203.162.10.117,port=50002,localport=61797]--4859319232424184234)
200505 152805.943|INFO|Thread-1|receiveUnencrypted|receiveUnencrypted Made a secret key for Socket[addr=/203.162.10.117,port=50002,localport=61797]--4859319232424184234 key is com.sun.crypto.provider.DESKey@fffe790b
200505 152805.944|INFO|Thread-1|getPublicKeyPacket|Generating Unencrypted Public Key Packet
200505 152805.945|INFO|Thread-1|getPublicKeyPacket|checking key:= SunJCE Diffie-Hellman Public Key:
y:
    46f13c29 7d1504e9 88995a27 5da15201 07f85ade dde56945 d23847ae adc6e2cd
    9cd287a4 ba3f7dd0 62c7e57f 0b96ce92 0968b108 95dbc4dc 91dd7267 52489536
    5d2e4d45 d76116ec d9ba94f0 089c1a0b 70dc3eb0 8c084803 de255d5f e65cfb07
    efce7c5d cd06a4d0 ec6c6d54 2086f847 f11f6479 66651207 ba728fcf f9c3696a
p:
    f488fd58 4e49dbcd 20b49de4 9107366b 336c380d 451d0f7c 88b31c7c 5b2d8ef6
    f3c923c0 43f0a55b 188d8ebb 558cb85d 38d334fd 7c175743 a31d186c de33212c
    b52aff3c e1b12940 18118d7c 84a70a72 d686c403 19c80729 7aca950c d9969fab
    d00a509b 0246d308 3d66a45d 419f9c7c bd894b22 1926baab a25ec355 e92f78c7
g:
    02
l:
    512
200505 152805.946|INFO|Thread-1|getPublicKeyPacket|packet:= edu.csus.ecs.pc2.core.transport.TransportWrapper@46bf4e
200505 172842.885|INFO|Thread-1|receive|Exception in receive for Socket[addr=/203.162.10.117,port=50002,localport=61797]--4859319232424184234
|java.net.SocketTimeoutException: Read timed out
|    at java.net.SocketInputStream.socketRead0 (Unknown Source)
|    at java.net.SocketInputStream.socketRead (Unknown Source)
|    at java.net.SocketInputStream.read (Unknown Source)
|    at java.net.SocketInputStream.read (Unknown Source)
|    at java.net.SocketInputStream.read (Unknown Source)
|    at java.io.ObjectInputStream$PeekInputStream.peek (Unknown Source)
|    at java.io.ObjectInputStream$BlockDataInputStream.peek (Unknown Source)
|    at java.io.ObjectInputStream$BlockDataInputStream.peekByte (Unknown Source)
|    at java.io.ObjectInputStream.readObject0 (Unknown Source)
|    at java.io.ObjectInputStream.readObject (Unknown Source)
|    at edu.csus.ecs.pc2.core.transport.ConnectionHandlerThread.receive (ConnectionHandlerThread.java:151)
|    at edu.csus.ecs.pc2.core.transport.ConnectionHandlerClientThread.run (ConnectionHandlerClientThread.java:65)
200505 172843.680|FINER|Thread-1|run|THROW
|edu.csus.ecs.pc2.core.transport.TransportException: Read timed out
|    at edu.csus.ecs.pc2.core.transport.ConnectionHandlerThread.receive (ConnectionHandlerThread.java:161)
|    at edu.csus.ecs.pc2.core.transport.ConnectionHandlerClientThread.run (ConnectionHandlerClientThread.java:65)
200505 172843.704|INFO|Thread-1|receive|SocketException in receive for Socket[addr=/203.162.10.117,port=50002,localport=61797]--4859319232424184234
|java.net.SocketException: Connection reset
|    at java.net.SocketInputStream.read (Unknown Source)
|    at java.net.SocketInputStream.read (Unknown Source)
|    at java.net.SocketInputStream.read (Unknown Source)
|    at java.io.ObjectInputStream$PeekInputStream.peek (Unknown Source)
|    at java.io.ObjectInputStream$BlockDataInputStream.peek (Unknown Source)
|    at java.io.ObjectInputStream$BlockDataInputStream.peekByte (Unknown Source)
|    at java.io.ObjectInputStream.readObject0 (Unknown Source)
|    at java.io.ObjectInputStream.readObject (Unknown Source)
|    at edu.csus.ecs.pc2.core.transport.ConnectionHandlerThread.receive (ConnectionHandlerThread.java:151)
|    at edu.csus.ecs.pc2.core.transport.ConnectionHandlerClientThread.run (ConnectionHandlerClientThread.java:65)
200505 172843.705|FINER|Thread-1|run|THROW
|edu.csus.ecs.pc2.core.transport.TransportException: Connection reset
|    at edu.csus.ecs.pc2.core.transport.ConnectionHandlerThread.receive (ConnectionHandlerThread.java:155)
|    at edu.csus.ecs.pc2.core.transport.ConnectionHandlerClientThread.run (ConnectionHandlerClientThread.java:65)
