200513 114814.046|CONFIG|main|setFileHandlers|Now logging to C:\Users\Admin\Desktop\CTDL_GT_TS\pc2Client\pc2Client\bin\logs directory.
200513 114814.047|INFO|main|info|
200513 114814.053|INFO|main|info|Version 9.6.0 20190102 (Wednesday, January 2nd 2019 01:20 UTC) Java ver 1.8.0_201 build 5102 Windows 10 10.0 (amd64) 
200513 114814.054|INFO|main|startLog|Working directory is C:\Users\Admin\Desktop\CTDL_GT_TS\pc2Client\pc2Client\bin
200513 114814.064|INFO|main|startLog|Process id is 5268@DESKTOP-S30D2EK
200513 114814.064|INFO|main|start|Starting ConnectionManager...
200513 114814.452|INFO|main|start|Started ConnectionManager
200513 114814.458|INFO|main|setClientServerAndPort|INIFile File location: file:/C:/Users/Admin/Desktop/CTDL_GT_TS/pc2Client/pc2Client/bin/pc2v9.ini
200513 114814.458|INFO|main|setClientServerAndPort|setClientServerAndPort 203.162.88.119 parsed as 203.162.88.119 port 51002
200513 114814.458|INFO|main|info|Contacting server at 203.162.88.119:51002
200513 114814.459|INFO|main|connectToMyServer|Connecting to 203.162.88.119:51002
200513 114814.540|INFO|Thread-1|receiveUnencrypted|receiveUnencrypted(TransportWrapper, ConnectionHandlerID=Socket[addr=/203.162.88.119,port=51002,localport=52191]-5766021443009072383)
200513 114814.983|INFO|Thread-1|receiveUnencrypted|receiveUnencrypted Made a secret key for Socket[addr=/203.162.88.119,port=51002,localport=52191]-5766021443009072383 key is com.sun.crypto.provider.DESKey@fffe7d44
200513 114814.984|INFO|Thread-1|getPublicKeyPacket|Generating Unencrypted Public Key Packet
200513 114814.985|INFO|Thread-1|getPublicKeyPacket|checking key:= SunJCE Diffie-Hellman Public Key:
y:
    e28b2c94 f8940355 53eb7945 8b907f16 c0bf5529 430f4cde 53257ea7 97a6bb9a
    b0c64ee7 9ca3c306 a919d97a 7dd39346 eee4b58e 63b5e20b ee99aba6 9d367281
    6e60f4c6 1b056008 1cce3f87 ed8e4825 4cf8cb5a 7fbd7be4 6d25f36b c227c27b
    a100bb3a e81dce7d 1b684d36 27fc77fb 8b8842ad 95b6f610 32b8192c aec4b9c0
p:
    f488fd58 4e49dbcd 20b49de4 9107366b 336c380d 451d0f7c 88b31c7c 5b2d8ef6
    f3c923c0 43f0a55b 188d8ebb 558cb85d 38d334fd 7c175743 a31d186c de33212c
    b52aff3c e1b12940 18118d7c 84a70a72 d686c403 19c80729 7aca950c d9969fab
    d00a509b 0246d308 3d66a45d 419f9c7c bd894b22 1926baab a25ec355 e92f78c7
g:
    02
l:
    512
200513 114814.985|INFO|Thread-1|getPublicKeyPacket|packet:= edu.csus.ecs.pc2.core.transport.TransportWrapper@46bf4e
200513 161419.235|INFO|Thread-1|receive|Exception in receive for Socket[addr=/203.162.88.119,port=51002,localport=52191]-5766021443009072383
|java.net.SocketTimeoutException: Read timed out
|    at java.net.SocketInputStream.socketRead0 (Unknown Source)
|    at java.net.SocketInputStream.socketRead (Unknown Source)
|    at java.net.SocketInputStream.read (Unknown Source)
|    at java.net.SocketInputStream.read (Unknown Source)
|    at java.net.SocketInputStream.read (Unknown Source)
|    at java.io.ObjectInputStream$PeekInputStream.peek (Unknown Source)
|    at java.io.ObjectInputStream$BlockDataInputStream.peek (Unknown Source)
|    at java.io.ObjectInputStream$BlockDataInputStream.peekByte (Unknown Source)
|    at java.io.ObjectInputStream.readObject0 (Unknown Source)
|    at java.io.ObjectInputStream.readObject (Unknown Source)
|    at edu.csus.ecs.pc2.core.transport.ConnectionHandlerThread.receive (ConnectionHandlerThread.java:151)
|    at edu.csus.ecs.pc2.core.transport.ConnectionHandlerClientThread.run (ConnectionHandlerClientThread.java:65)
200513 161430.220|FINER|Thread-1|run|THROW
|edu.csus.ecs.pc2.core.transport.TransportException: Read timed out
|    at edu.csus.ecs.pc2.core.transport.ConnectionHandlerThread.receive (ConnectionHandlerThread.java:161)
|    at edu.csus.ecs.pc2.core.transport.ConnectionHandlerClientThread.run (ConnectionHandlerClientThread.java:65)
200513 161430.619|INFO|Thread-1|receive|SocketException in receive for Socket[addr=/203.162.88.119,port=51002,localport=52191]-5766021443009072383
|java.net.SocketException: Connection reset
|    at java.net.SocketInputStream.read (Unknown Source)
|    at java.net.SocketInputStream.read (Unknown Source)
|    at java.net.SocketInputStream.read (Unknown Source)
|    at java.io.ObjectInputStream$PeekInputStream.peek (Unknown Source)
|    at java.io.ObjectInputStream$BlockDataInputStream.peek (Unknown Source)
|    at java.io.ObjectInputStream$BlockDataInputStream.peekByte (Unknown Source)
|    at java.io.ObjectInputStream.readObject0 (Unknown Source)
|    at java.io.ObjectInputStream.readObject (Unknown Source)
|    at edu.csus.ecs.pc2.core.transport.ConnectionHandlerThread.receive (ConnectionHandlerThread.java:151)
|    at edu.csus.ecs.pc2.core.transport.ConnectionHandlerClientThread.run (ConnectionHandlerClientThread.java:65)
200513 161430.834|FINER|Thread-1|run|THROW
|edu.csus.ecs.pc2.core.transport.TransportException: Connection reset
|    at edu.csus.ecs.pc2.core.transport.ConnectionHandlerThread.receive (ConnectionHandlerThread.java:155)
|    at edu.csus.ecs.pc2.core.transport.ConnectionHandlerClientThread.run (ConnectionHandlerClientThread.java:65)
