200529 101315.981|CONFIG|main|setFileHandlers|Now logging to C:\Users\Admin\Desktop\CTDL_GT_TS\pc2Client\pc2Client\bin\logs directory.
200529 101315.981|INFO|main|info|
200529 101315.990|INFO|main|info|Version 9.6.0 20190102 (Wednesday, January 2nd 2019 01:20 UTC) Java ver 1.8.0_201 build 5102 Windows 10 10.0 (amd64) 
200529 101315.990|INFO|main|startLog|Working directory is C:\Users\Admin\Desktop\CTDL_GT_TS\pc2Client\pc2Client\bin
200529 101316.001|INFO|main|startLog|Process id is 9324@DESKTOP-S30D2EK
200529 101316.001|INFO|main|start|Starting ConnectionManager...
200529 101316.269|INFO|main|start|Started ConnectionManager
200529 101316.277|INFO|main|setClientServerAndPort|INIFile File location: file:/C:/Users/Admin/Desktop/CTDL_GT_TS/pc2Client/pc2Client/bin/pc2v9.ini
200529 101316.277|INFO|main|setClientServerAndPort|setClientServerAndPort 203.162.88.119 parsed as 203.162.88.119 port 51002
200529 101316.277|INFO|main|info|Contacting server at 203.162.88.119:51002
200529 101316.277|INFO|main|connectToMyServer|Connecting to 203.162.88.119:51002
200529 101316.345|INFO|Thread-1|receiveUnencrypted|receiveUnencrypted(TransportWrapper, ConnectionHandlerID=Socket[addr=/203.162.88.119,port=51002,localport=49732]-4467788328679151672)
200529 101316.667|INFO|Thread-1|receiveUnencrypted|receiveUnencrypted Made a secret key for Socket[addr=/203.162.88.119,port=51002,localport=49732]-4467788328679151672 key is com.sun.crypto.provider.DESKey@fffe7f33
200529 101316.668|INFO|Thread-1|getPublicKeyPacket|Generating Unencrypted Public Key Packet
200529 101316.669|INFO|Thread-1|getPublicKeyPacket|checking key:= SunJCE Diffie-Hellman Public Key:
y:
    a9ef1815 4d6c8693 79e88403 993c29c1 0aac5aaf e7e7dc8b 4bd3afd1 e477c3b4
    0fe3d8e1 eac2b63e b73acbc4 236dcd3b fd7c23e1 ad519645 25eaf562 47fce72c
    4836678b 07ca5bd3 1e91d4b1 20905068 2e5a426b 0adb4d04 1e9e52fb b8e7775b
    78a02ae0 42c225f1 b4634f13 1375ef20 289213ae c0086a73 51cd0305 b565429d
p:
    f488fd58 4e49dbcd 20b49de4 9107366b 336c380d 451d0f7c 88b31c7c 5b2d8ef6
    f3c923c0 43f0a55b 188d8ebb 558cb85d 38d334fd 7c175743 a31d186c de33212c
    b52aff3c e1b12940 18118d7c 84a70a72 d686c403 19c80729 7aca950c d9969fab
    d00a509b 0246d308 3d66a45d 419f9c7c bd894b22 1926baab a25ec355 e92f78c7
g:
    02
l:
    512
200529 101316.669|INFO|Thread-1|getPublicKeyPacket|packet:= edu.csus.ecs.pc2.core.transport.TransportWrapper@41ed969b
200529 114528.968|INFO|Thread-1|receive|Exception in receive for Socket[addr=/203.162.88.119,port=51002,localport=49732]-4467788328679151672
|java.net.SocketTimeoutException: Read timed out
|    at java.net.SocketInputStream.socketRead0 (Unknown Source)
|    at java.net.SocketInputStream.socketRead (Unknown Source)
|    at java.net.SocketInputStream.read (Unknown Source)
|    at java.net.SocketInputStream.read (Unknown Source)
|    at java.net.SocketInputStream.read (Unknown Source)
|    at java.io.ObjectInputStream$PeekInputStream.peek (Unknown Source)
|    at java.io.ObjectInputStream$BlockDataInputStream.peek (Unknown Source)
|    at java.io.ObjectInputStream$BlockDataInputStream.peekByte (Unknown Source)
|    at java.io.ObjectInputStream.readObject0 (Unknown Source)
|    at java.io.ObjectInputStream.readObject (Unknown Source)
|    at edu.csus.ecs.pc2.core.transport.ConnectionHandlerThread.receive (ConnectionHandlerThread.java:151)
|    at edu.csus.ecs.pc2.core.transport.ConnectionHandlerClientThread.run (ConnectionHandlerClientThread.java:65)
200529 114528.969|FINER|Thread-1|run|THROW
|edu.csus.ecs.pc2.core.transport.TransportException: Read timed out
|    at edu.csus.ecs.pc2.core.transport.ConnectionHandlerThread.receive (ConnectionHandlerThread.java:161)
|    at edu.csus.ecs.pc2.core.transport.ConnectionHandlerClientThread.run (ConnectionHandlerClientThread.java:65)
200529 114528.969|INFO|Thread-1|receive|SocketException in receive for Socket[addr=/203.162.88.119,port=51002,localport=49732]-4467788328679151672
|java.net.SocketException: Connection reset
|    at java.net.SocketInputStream.read (Unknown Source)
|    at java.net.SocketInputStream.read (Unknown Source)
|    at java.net.SocketInputStream.read (Unknown Source)
|    at java.io.ObjectInputStream$PeekInputStream.peek (Unknown Source)
|    at java.io.ObjectInputStream$BlockDataInputStream.peek (Unknown Source)
|    at java.io.ObjectInputStream$BlockDataInputStream.peekByte (Unknown Source)
|    at java.io.ObjectInputStream.readObject0 (Unknown Source)
|    at java.io.ObjectInputStream.readObject (Unknown Source)
|    at edu.csus.ecs.pc2.core.transport.ConnectionHandlerThread.receive (ConnectionHandlerThread.java:151)
|    at edu.csus.ecs.pc2.core.transport.ConnectionHandlerClientThread.run (ConnectionHandlerClientThread.java:65)
200529 114528.969|FINER|Thread-1|run|THROW
|edu.csus.ecs.pc2.core.transport.TransportException: Connection reset
|    at edu.csus.ecs.pc2.core.transport.ConnectionHandlerThread.receive (ConnectionHandlerThread.java:155)
|    at edu.csus.ecs.pc2.core.transport.ConnectionHandlerClientThread.run (ConnectionHandlerClientThread.java:65)
200529 114530.004|INFO|Thread-11|send|Exception near writeObject
|java.lang.NullPointerException: null
|    at edu.csus.ecs.pc2.core.transport.ConnectionHandlerThread.send (ConnectionHandlerThread.java:100)
|    at edu.csus.ecs.pc2.core.transport.ConnectionHandler.send (ConnectionHandler.java:128)
|    at edu.csus.ecs.pc2.core.transport.TransportManager$3.run (TransportManager.java:492)
|    at java.lang.Thread.run (Unknown Source)
