200305 111658.297|CONFIG|main|setFileHandlers|Now logging to C:\Users\Admin\Desktop\CTDL_GT_TS\Contest1\pc2Client\pc2Client\bin\logs directory.
200305 111658.299|INFO|main|info|
200305 111658.306|INFO|main|info|Version 9.6.0 20190102 (Wednesday, January 2nd 2019 01:20 UTC) Java ver 1.8.0_201 build 5102 Windows 10 10.0 (amd64) 
200305 111658.307|INFO|main|startLog|Working directory is C:\Users\Admin\Desktop\CTDL_GT_TS\Contest1\pc2Client\pc2Client\bin
200305 111658.333|INFO|main|startLog|Process id is 13028@DESKTOP-S30D2EK
200305 111658.333|INFO|main|start|Starting ConnectionManager...
200305 111658.841|INFO|main|start|Started ConnectionManager
200305 111658.847|INFO|main|setClientServerAndPort|INIFile File location: file:/C:/Users/Admin/Desktop/CTDL_GT_TS/Contest1/pc2Client/pc2Client/bin/pc2v9.ini
200305 111658.847|INFO|main|setClientServerAndPort|setClientServerAndPort 203.162.10.117 parsed as 203.162.10.117 port 50002
200305 111658.848|INFO|main|info|Contacting server at 203.162.10.117:50002
200305 111658.848|INFO|main|connectToMyServer|Connecting to 203.162.10.117:50002
200305 111658.958|INFO|Thread-1|receiveUnencrypted|receiveUnencrypted(TransportWrapper, ConnectionHandlerID=Socket[addr=/203.162.10.117,port=50002,localport=50123]--6527261577844194396)
200305 111659.397|INFO|Thread-1|receiveUnencrypted|receiveUnencrypted Made a secret key for Socket[addr=/203.162.10.117,port=50002,localport=50123]--6527261577844194396 key is com.sun.crypto.provider.DESKey@1873e
200305 111659.398|INFO|Thread-1|getPublicKeyPacket|Generating Unencrypted Public Key Packet
200305 111659.399|INFO|Thread-1|getPublicKeyPacket|checking key:= SunJCE Diffie-Hellman Public Key:
y:
    2147f3b5 0ec28e11 f03897fe 7765cd61 10c33257 ba077a1f d9a74bbc cb273a20
    c76cd187 cd3fad7a 10aebd9d b23d1367 232c55fc 590e690a d498a66e 3d54d992
    b7824638 13b2fb68 60d2d34c 7a7c8ea5 b9149b2a 9229072e f55a897f 456f1aaf
    0187fd4a 7cd54314 fc1ca177 fa5b33a8 d8bb21e1 d306da57 f25f1d2e 5d929d9d
p:
    f488fd58 4e49dbcd 20b49de4 9107366b 336c380d 451d0f7c 88b31c7c 5b2d8ef6
    f3c923c0 43f0a55b 188d8ebb 558cb85d 38d334fd 7c175743 a31d186c de33212c
    b52aff3c e1b12940 18118d7c 84a70a72 d686c403 19c80729 7aca950c d9969fab
    d00a509b 0246d308 3d66a45d 419f9c7c bd894b22 1926baab a25ec355 e92f78c7
g:
    02
l:
    512
200305 111659.400|INFO|Thread-1|getPublicKeyPacket|packet:= edu.csus.ecs.pc2.core.transport.TransportWrapper@46bf4e
200305 131540.524|INFO|Thread-1|receive|Exception in receive for Socket[addr=/203.162.10.117,port=50002,localport=50123]--6527261577844194396
|java.net.SocketTimeoutException: Read timed out
|    at java.net.SocketInputStream.socketRead0 (Unknown Source)
|    at java.net.SocketInputStream.socketRead (Unknown Source)
|    at java.net.SocketInputStream.read (Unknown Source)
|    at java.net.SocketInputStream.read (Unknown Source)
|    at java.net.SocketInputStream.read (Unknown Source)
|    at java.io.ObjectInputStream$PeekInputStream.peek (Unknown Source)
|    at java.io.ObjectInputStream$BlockDataInputStream.peek (Unknown Source)
|    at java.io.ObjectInputStream$BlockDataInputStream.peekByte (Unknown Source)
|    at java.io.ObjectInputStream.readObject0 (Unknown Source)
|    at java.io.ObjectInputStream.readObject (Unknown Source)
|    at edu.csus.ecs.pc2.core.transport.ConnectionHandlerThread.receive (ConnectionHandlerThread.java:151)
|    at edu.csus.ecs.pc2.core.transport.ConnectionHandlerClientThread.run (ConnectionHandlerClientThread.java:65)
200305 131540.531|FINER|Thread-1|run|THROW
|edu.csus.ecs.pc2.core.transport.TransportException: Read timed out
|    at edu.csus.ecs.pc2.core.transport.ConnectionHandlerThread.receive (ConnectionHandlerThread.java:161)
|    at edu.csus.ecs.pc2.core.transport.ConnectionHandlerClientThread.run (ConnectionHandlerClientThread.java:65)
200305 131540.532|INFO|Thread-1|receive|SocketException in receive for Socket[addr=/203.162.10.117,port=50002,localport=50123]--6527261577844194396
|java.net.SocketException: Connection reset
|    at java.net.SocketInputStream.read (Unknown Source)
|    at java.net.SocketInputStream.read (Unknown Source)
|    at java.net.SocketInputStream.read (Unknown Source)
|    at java.io.ObjectInputStream$PeekInputStream.peek (Unknown Source)
|    at java.io.ObjectInputStream$BlockDataInputStream.peek (Unknown Source)
|    at java.io.ObjectInputStream$BlockDataInputStream.peekByte (Unknown Source)
|    at java.io.ObjectInputStream.readObject0 (Unknown Source)
|    at java.io.ObjectInputStream.readObject (Unknown Source)
|    at edu.csus.ecs.pc2.core.transport.ConnectionHandlerThread.receive (ConnectionHandlerThread.java:151)
|    at edu.csus.ecs.pc2.core.transport.ConnectionHandlerClientThread.run (ConnectionHandlerClientThread.java:65)
200305 131540.532|FINER|Thread-1|run|THROW
|edu.csus.ecs.pc2.core.transport.TransportException: Connection reset
|    at edu.csus.ecs.pc2.core.transport.ConnectionHandlerThread.receive (ConnectionHandlerThread.java:155)
|    at edu.csus.ecs.pc2.core.transport.ConnectionHandlerClientThread.run (ConnectionHandlerClientThread.java:65)
200305 131546.641|INFO|Thread-61|send|Exception near writeObject
|java.lang.NullPointerException: null
|    at edu.csus.ecs.pc2.core.transport.ConnectionHandlerThread.send (ConnectionHandlerThread.java:100)
|    at edu.csus.ecs.pc2.core.transport.ConnectionHandler.send (ConnectionHandler.java:128)
|    at edu.csus.ecs.pc2.core.transport.TransportManager$3.run (TransportManager.java:492)
|    at java.lang.Thread.run (Unknown Source)
