200305 131602.141|CONFIG|main|setFileHandlers|Now logging to C:\Users\Admin\Desktop\CTDL_GT_TS\Contest1\pc2Client\pc2Client\bin\logs directory.
200305 131602.142|INFO|main|info|
200305 131602.149|INFO|main|info|Version 9.6.0 20190102 (Wednesday, January 2nd 2019 01:20 UTC) Java ver 1.8.0_201 build 5102 Windows 10 10.0 (amd64) 
200305 131602.150|INFO|main|startLog|Working directory is C:\Users\Admin\Desktop\CTDL_GT_TS\Contest1\pc2Client\pc2Client\bin
200305 131602.169|INFO|main|startLog|Process id is 5224@DESKTOP-S30D2EK
200305 131602.170|INFO|main|start|Starting ConnectionManager...
200305 131602.594|INFO|main|start|Started ConnectionManager
200305 131602.600|INFO|main|setClientServerAndPort|INIFile File location: file:/C:/Users/Admin/Desktop/CTDL_GT_TS/Contest1/pc2Client/pc2Client/bin/pc2v9.ini
200305 131602.600|INFO|main|setClientServerAndPort|setClientServerAndPort 203.162.10.117 parsed as 203.162.10.117 port 50002
200305 131602.600|INFO|main|info|Contacting server at 203.162.10.117:50002
200305 131602.601|INFO|main|connectToMyServer|Connecting to 203.162.10.117:50002
200305 131602.675|INFO|Thread-1|receiveUnencrypted|receiveUnencrypted(TransportWrapper, ConnectionHandlerID=Socket[addr=/203.162.10.117,port=50002,localport=53016]--4451424918293671674)
200305 131603.118|INFO|Thread-1|receiveUnencrypted|receiveUnencrypted Made a secret key for Socket[addr=/203.162.10.117,port=50002,localport=53016]--4451424918293671674 key is com.sun.crypto.provider.DESKey@1805b
200305 131603.119|INFO|Thread-1|getPublicKeyPacket|Generating Unencrypted Public Key Packet
200305 131603.120|INFO|Thread-1|getPublicKeyPacket|checking key:= SunJCE Diffie-Hellman Public Key:
y:
    39e4201f 2a2c160d 800c5529 3111b02b a50305db e0124ddb 354035f2 dd6e35cf
    49f8dcfa 7f6eafc3 fa008302 7f5a8c76 26bf17d4 afba7bff 86b4dd3e 85b35b07
    aaab1c84 ab20c65e 532d068b 9f511e93 403dc41a ec19cdc1 3e408a4e dc55e802
    33a9ed21 17dd0b22 16d6112d fbc7f53c 0b37ed40 ea3114f8 1bf0cc73 4d252093
p:
    f488fd58 4e49dbcd 20b49de4 9107366b 336c380d 451d0f7c 88b31c7c 5b2d8ef6
    f3c923c0 43f0a55b 188d8ebb 558cb85d 38d334fd 7c175743 a31d186c de33212c
    b52aff3c e1b12940 18118d7c 84a70a72 d686c403 19c80729 7aca950c d9969fab
    d00a509b 0246d308 3d66a45d 419f9c7c bd894b22 1926baab a25ec355 e92f78c7
g:
    02
l:
    512
200305 131603.121|INFO|Thread-1|getPublicKeyPacket|packet:= edu.csus.ecs.pc2.core.transport.TransportWrapper@46bf4e
200305 142205.627|INFO|Thread-1|receive|Exception in receive for Socket[addr=/203.162.10.117,port=50002,localport=53016]--4451424918293671674
|java.net.SocketTimeoutException: Read timed out
|    at java.net.SocketInputStream.socketRead0 (Unknown Source)
|    at java.net.SocketInputStream.socketRead (Unknown Source)
|    at java.net.SocketInputStream.read (Unknown Source)
|    at java.net.SocketInputStream.read (Unknown Source)
|    at java.net.SocketInputStream.read (Unknown Source)
|    at java.io.ObjectInputStream$PeekInputStream.peek (Unknown Source)
|    at java.io.ObjectInputStream$BlockDataInputStream.peek (Unknown Source)
|    at java.io.ObjectInputStream$BlockDataInputStream.peekByte (Unknown Source)
|    at java.io.ObjectInputStream.readObject0 (Unknown Source)
|    at java.io.ObjectInputStream.readObject (Unknown Source)
|    at edu.csus.ecs.pc2.core.transport.ConnectionHandlerThread.receive (ConnectionHandlerThread.java:151)
|    at edu.csus.ecs.pc2.core.transport.ConnectionHandlerClientThread.run (ConnectionHandlerClientThread.java:65)
200305 142205.636|FINER|Thread-1|run|THROW
|edu.csus.ecs.pc2.core.transport.TransportException: Read timed out
|    at edu.csus.ecs.pc2.core.transport.ConnectionHandlerThread.receive (ConnectionHandlerThread.java:161)
|    at edu.csus.ecs.pc2.core.transport.ConnectionHandlerClientThread.run (ConnectionHandlerClientThread.java:65)
200305 142205.636|INFO|Thread-1|receive|SocketException in receive for Socket[addr=/203.162.10.117,port=50002,localport=53016]--4451424918293671674
|java.net.SocketException: Connection reset
|    at java.net.SocketInputStream.read (Unknown Source)
|    at java.net.SocketInputStream.read (Unknown Source)
|    at java.net.SocketInputStream.read (Unknown Source)
|    at java.io.ObjectInputStream$PeekInputStream.peek (Unknown Source)
|    at java.io.ObjectInputStream$BlockDataInputStream.peek (Unknown Source)
|    at java.io.ObjectInputStream$BlockDataInputStream.peekByte (Unknown Source)
|    at java.io.ObjectInputStream.readObject0 (Unknown Source)
|    at java.io.ObjectInputStream.readObject (Unknown Source)
|    at edu.csus.ecs.pc2.core.transport.ConnectionHandlerThread.receive (ConnectionHandlerThread.java:151)
|    at edu.csus.ecs.pc2.core.transport.ConnectionHandlerClientThread.run (ConnectionHandlerClientThread.java:65)
200305 142205.636|FINER|Thread-1|run|THROW
|edu.csus.ecs.pc2.core.transport.TransportException: Connection reset
|    at edu.csus.ecs.pc2.core.transport.ConnectionHandlerThread.receive (ConnectionHandlerThread.java:155)
|    at edu.csus.ecs.pc2.core.transport.ConnectionHandlerClientThread.run (ConnectionHandlerClientThread.java:65)
