200620 114204.811|CONFIG|main|setFileHandlers|Now logging to C:\Users\Admin\Desktop\CTDL_GT_TS\Contest12\pc2Client\pc2Client\bin\logs directory.
200620 114204.811|INFO|main|info|
200620 114204.811|INFO|main|info|Version 9.6.0 20190102 (Wednesday, January 2nd 2019 01:20 UTC) Java ver 1.8.0_201 build 5102 Windows 10 10.0 (amd64) 
200620 114204.811|INFO|main|startLog|Working directory is C:\Users\Admin\Desktop\CTDL_GT_TS\Contest12\pc2Client\pc2Client\bin
200620 114204.826|INFO|main|startLog|Process id is 9612@DESKTOP-S30D2EK
200620 114204.826|INFO|main|start|Starting ConnectionManager...
200620 114205.118|INFO|main|start|Started ConnectionManager
200620 114205.126|INFO|main|setClientServerAndPort|INIFile File location: file:/C:/Users/Admin/Desktop/CTDL_GT_TS/Contest12/pc2Client/pc2Client/bin/pc2v9.ini
200620 114205.127|INFO|main|setClientServerAndPort|setClientServerAndPort 203.162.88.119 parsed as 203.162.88.119 port 53002
200620 114205.127|INFO|main|info|Contacting server at 203.162.88.119:53002
200620 114205.127|INFO|main|connectToMyServer|Connecting to 203.162.88.119:53002
200620 114205.200|INFO|Thread-1|receiveUnencrypted|receiveUnencrypted(TransportWrapper, ConnectionHandlerID=Socket[addr=/203.162.88.119,port=53002,localport=50064]-2072102894490180737)
200620 114205.542|INFO|Thread-1|receiveUnencrypted|receiveUnencrypted Made a secret key for Socket[addr=/203.162.88.119,port=53002,localport=50064]-2072102894490180737 key is com.sun.crypto.provider.DESKey@fffe7aa9
200620 114205.542|INFO|Thread-1|getPublicKeyPacket|Generating Unencrypted Public Key Packet
200620 114205.542|INFO|Thread-1|getPublicKeyPacket|checking key:= SunJCE Diffie-Hellman Public Key:
y:
    abfe047e 29f0353b 0c92646c fe1d6a4a 81c6b7b4 cbf9ddb7 9cde4fd5 a42c8988
    16cc23db 3c2a81e1 2af9e570 8c52df67 62268c20 1ee20b59 9831560e 0babab38
    e15b7f76 e50a484a 06b46f1b 078554d8 0232b5b8 444faa64 9438967e c99ba3f3
    51c5ee5d 85ee61a3 b80d993a 73f082cf 068526b5 592f0ddc 36742c33 543979a1
p:
    f488fd58 4e49dbcd 20b49de4 9107366b 336c380d 451d0f7c 88b31c7c 5b2d8ef6
    f3c923c0 43f0a55b 188d8ebb 558cb85d 38d334fd 7c175743 a31d186c de33212c
    b52aff3c e1b12940 18118d7c 84a70a72 d686c403 19c80729 7aca950c d9969fab
    d00a509b 0246d308 3d66a45d 419f9c7c bd894b22 1926baab a25ec355 e92f78c7
g:
    02
l:
    512
200620 114205.542|INFO|Thread-1|getPublicKeyPacket|packet:= edu.csus.ecs.pc2.core.transport.TransportWrapper@46bf4e
200620 164711.065|INFO|Thread-1|receive|Exception in receive for Socket[addr=/203.162.88.119,port=53002,localport=50064]-2072102894490180737
|java.net.SocketTimeoutException: Read timed out
|    at java.net.SocketInputStream.socketRead0 (Unknown Source)
|    at java.net.SocketInputStream.socketRead (Unknown Source)
|    at java.net.SocketInputStream.read (Unknown Source)
|    at java.net.SocketInputStream.read (Unknown Source)
|    at java.net.SocketInputStream.read (Unknown Source)
|    at java.io.ObjectInputStream$PeekInputStream.peek (Unknown Source)
|    at java.io.ObjectInputStream$BlockDataInputStream.peek (Unknown Source)
|    at java.io.ObjectInputStream$BlockDataInputStream.peekByte (Unknown Source)
|    at java.io.ObjectInputStream.readObject0 (Unknown Source)
|    at java.io.ObjectInputStream.readObject (Unknown Source)
|    at edu.csus.ecs.pc2.core.transport.ConnectionHandlerThread.receive (ConnectionHandlerThread.java:151)
|    at edu.csus.ecs.pc2.core.transport.ConnectionHandlerClientThread.run (ConnectionHandlerClientThread.java:65)
200620 164711.079|FINER|Thread-1|run|THROW
|edu.csus.ecs.pc2.core.transport.TransportException: Read timed out
|    at edu.csus.ecs.pc2.core.transport.ConnectionHandlerThread.receive (ConnectionHandlerThread.java:161)
|    at edu.csus.ecs.pc2.core.transport.ConnectionHandlerClientThread.run (ConnectionHandlerClientThread.java:65)
200620 164711.080|INFO|Thread-1|receive|SocketException in receive for Socket[addr=/203.162.88.119,port=53002,localport=50064]-2072102894490180737
|java.net.SocketException: Connection reset
|    at java.net.SocketInputStream.read (Unknown Source)
|    at java.net.SocketInputStream.read (Unknown Source)
|    at java.net.SocketInputStream.read (Unknown Source)
|    at java.io.ObjectInputStream$PeekInputStream.peek (Unknown Source)
|    at java.io.ObjectInputStream$BlockDataInputStream.peek (Unknown Source)
|    at java.io.ObjectInputStream$BlockDataInputStream.peekByte (Unknown Source)
|    at java.io.ObjectInputStream.readObject0 (Unknown Source)
|    at java.io.ObjectInputStream.readObject (Unknown Source)
|    at edu.csus.ecs.pc2.core.transport.ConnectionHandlerThread.receive (ConnectionHandlerThread.java:151)
|    at edu.csus.ecs.pc2.core.transport.ConnectionHandlerClientThread.run (ConnectionHandlerClientThread.java:65)
200620 164711.080|FINER|Thread-1|run|THROW
|edu.csus.ecs.pc2.core.transport.TransportException: Connection reset
|    at edu.csus.ecs.pc2.core.transport.ConnectionHandlerThread.receive (ConnectionHandlerThread.java:155)
|    at edu.csus.ecs.pc2.core.transport.ConnectionHandlerClientThread.run (ConnectionHandlerClientThread.java:65)
