200515 154414.726|CONFIG|main|setFileHandlers|Now logging to C:\Users\Admin\Desktop\CTDL_GT_TS\pc2Client\pc2Client\bin\logs directory.
200515 154414.727|INFO|main|info|
200515 154414.734|INFO|main|info|Version 9.6.0 20190102 (Wednesday, January 2nd 2019 01:20 UTC) Java ver 1.8.0_201 build 5102 Windows 10 10.0 (amd64) 
200515 154414.735|INFO|main|startLog|Working directory is C:\Users\Admin\Desktop\CTDL_GT_TS\pc2Client\pc2Client\bin
200515 154414.755|INFO|main|startLog|Process id is 6984@DESKTOP-S30D2EK
200515 154414.756|INFO|main|start|Starting ConnectionManager...
200515 154415.164|INFO|main|start|Started ConnectionManager
200515 154415.170|INFO|main|setClientServerAndPort|INIFile File location: file:/C:/Users/Admin/Desktop/CTDL_GT_TS/pc2Client/pc2Client/bin/pc2v9.ini
200515 154415.170|INFO|main|setClientServerAndPort|setClientServerAndPort 203.162.88.119 parsed as 203.162.88.119 port 51002
200515 154415.171|INFO|main|info|Contacting server at 203.162.88.119:51002
200515 154415.171|INFO|main|connectToMyServer|Connecting to 203.162.88.119:51002
200515 154415.236|INFO|Thread-1|receiveUnencrypted|receiveUnencrypted(TransportWrapper, ConnectionHandlerID=Socket[addr=/203.162.88.119,port=51002,localport=52719]-2928455980283981555)
200515 154415.927|INFO|Thread-1|receiveUnencrypted|receiveUnencrypted Made a secret key for Socket[addr=/203.162.88.119,port=51002,localport=52719]-2928455980283981555 key is com.sun.crypto.provider.DESKey@fffe7955
200515 154415.927|INFO|Thread-1|getPublicKeyPacket|Generating Unencrypted Public Key Packet
200515 154415.928|INFO|Thread-1|getPublicKeyPacket|checking key:= SunJCE Diffie-Hellman Public Key:
y:
    780a7693 e5d00a9a adc53176 13908979 e3993a06 1c2067e2 5ebd4c66 c8e4c2da
    8a38bf79 6327df28 8db80bea 2c0ce695 b453a329 e3fdd4b5 eac92932 28c20f9a
    827ab826 648e1e1f 48ff830f c3c8641f b8e8b8fa 96e887f5 149f0545 c80753d2
    47396025 b73fe76d da194aad 0f37c7b5 14fbb66a a8788e41 418605ca bfe28f0e
p:
    f488fd58 4e49dbcd 20b49de4 9107366b 336c380d 451d0f7c 88b31c7c 5b2d8ef6
    f3c923c0 43f0a55b 188d8ebb 558cb85d 38d334fd 7c175743 a31d186c de33212c
    b52aff3c e1b12940 18118d7c 84a70a72 d686c403 19c80729 7aca950c d9969fab
    d00a509b 0246d308 3d66a45d 419f9c7c bd894b22 1926baab a25ec355 e92f78c7
g:
    02
l:
    512
200515 154415.928|INFO|Thread-1|getPublicKeyPacket|packet:= edu.csus.ecs.pc2.core.transport.TransportWrapper@46bf4e
200515 180110.573|INFO|Thread-1|receive|Exception in receive for Socket[addr=/203.162.88.119,port=51002,localport=52719]-2928455980283981555
|java.net.SocketTimeoutException: Read timed out
|    at java.net.SocketInputStream.socketRead0 (Unknown Source)
|    at java.net.SocketInputStream.socketRead (Unknown Source)
|    at java.net.SocketInputStream.read (Unknown Source)
|    at java.net.SocketInputStream.read (Unknown Source)
|    at java.net.SocketInputStream.read (Unknown Source)
|    at java.io.ObjectInputStream$PeekInputStream.peek (Unknown Source)
|    at java.io.ObjectInputStream$BlockDataInputStream.peek (Unknown Source)
|    at java.io.ObjectInputStream$BlockDataInputStream.peekByte (Unknown Source)
|    at java.io.ObjectInputStream.readObject0 (Unknown Source)
|    at java.io.ObjectInputStream.readObject (Unknown Source)
|    at edu.csus.ecs.pc2.core.transport.ConnectionHandlerThread.receive (ConnectionHandlerThread.java:151)
|    at edu.csus.ecs.pc2.core.transport.ConnectionHandlerClientThread.run (ConnectionHandlerClientThread.java:65)
200515 180110.614|FINER|Thread-1|run|THROW
|edu.csus.ecs.pc2.core.transport.TransportException: Read timed out
|    at edu.csus.ecs.pc2.core.transport.ConnectionHandlerThread.receive (ConnectionHandlerThread.java:161)
|    at edu.csus.ecs.pc2.core.transport.ConnectionHandlerClientThread.run (ConnectionHandlerClientThread.java:65)
200515 180110.614|INFO|Thread-1|receive|SocketException in receive for Socket[addr=/203.162.88.119,port=51002,localport=52719]-2928455980283981555
|java.net.SocketException: Connection reset
|    at java.net.SocketInputStream.read (Unknown Source)
|    at java.net.SocketInputStream.read (Unknown Source)
|    at java.net.SocketInputStream.read (Unknown Source)
|    at java.io.ObjectInputStream$PeekInputStream.peek (Unknown Source)
|    at java.io.ObjectInputStream$BlockDataInputStream.peek (Unknown Source)
|    at java.io.ObjectInputStream$BlockDataInputStream.peekByte (Unknown Source)
|    at java.io.ObjectInputStream.readObject0 (Unknown Source)
|    at java.io.ObjectInputStream.readObject (Unknown Source)
|    at edu.csus.ecs.pc2.core.transport.ConnectionHandlerThread.receive (ConnectionHandlerThread.java:151)
|    at edu.csus.ecs.pc2.core.transport.ConnectionHandlerClientThread.run (ConnectionHandlerClientThread.java:65)
200515 180110.614|FINER|Thread-1|run|THROW
|edu.csus.ecs.pc2.core.transport.TransportException: Connection reset
|    at edu.csus.ecs.pc2.core.transport.ConnectionHandlerThread.receive (ConnectionHandlerThread.java:155)
|    at edu.csus.ecs.pc2.core.transport.ConnectionHandlerClientThread.run (ConnectionHandlerClientThread.java:65)
