200610 180339.097|CONFIG|Thread-7|setFileHandlers|Now logging to C:\Users\Admin\Desktop\CTDL_GT_TS\Thuc Hanh\Buoi 2\pc2Client\pc2Client\bin\logs directory.
200610 180339.097|INFO|Thread-7|info|
200610 180339.097|INFO|Thread-7|info|Version 9.6.0 20190102 (Wednesday, January 2nd 2019 01:20 UTC) Java ver 1.8.0_201 build 5102 Windows 10 10.0 (amd64) 
200610 180339.097|INFO|Thread-7|info|Login: team130 (aka team130)
200610 180339.097|INFO|Thread-7|startLog|Working directory is C:\Users\Admin\Desktop\CTDL_GT_TS\Thuc Hanh\Buoi 2\pc2Client\pc2Client\bin
200610 180339.097|INFO|Thread-7|startLog|Process id is 18792@DESKTOP-S30D2EK
200610 180339.098|INFO|Thread-7|info|Attempting to load UI class edu.csus.ecs.pc2.ui.team.TeamView
200610 180339.108|INFO|Thread-7|info|Loaded UI class edu.csus.ecs.pc2.ui.team.TeamView
200610 180339.306|INFO|Thread-7|info| handlePacket original LOGIN_SUCCESS after -- all settings loaded 
200610 180339.307|INFO|Thread-7|info|handlePacket end Packet[LOGIN_SUCCESS] #510 SERVER0 @ site 1 -> TEAM130 @ site 1
200610 180339.307|INFO|Thread-7|info| receiveObject(S) end   got Packet[LOGIN_SUCCESS] #510 SERVER0 @ site 1 -> TEAM130 @ site 1
200610 180350.406|INFO|AWT-EventQueue-0|testOrSubmitRun|submitRun for KIEM TRA - BAI 7 C/C++ file: C:\Users\Admin\Desktop\CTDL_GT_TS\Thuc Hanh\Buoi 2\2.cpp
200610 180350.408|INFO|AWT-EventQueue-0|sendToLocalServer|Sending packet to server Packet[RUN_SUBMISSION] #3 TEAM130 @ site 1 -> SERVER0 @ site 1
200610 180350.408|INFO|AWT-EventQueue-0|sendToLocalServer|Sent    packet to server Packet[RUN_SUBMISSION] #3 TEAM130 @ site 1 -> SERVER0 @ site 1
200610 180350.515|INFO|Thread-10|info| receiveObject(S) start got Packet[RUN_SUBMISSION_CONFIRM] #514 SERVER0 @ site 1 -> TEAM130 @ site 1
200610 180350.515|INFO|Thread-10|dumpPacket|Packet RUN_SUBMISSION_CONFIRM (Seq #514, o#514 ) recieveObject
200610 180350.515|INFO|Thread-10|dumpPacket|  From: SERVER0 @ site 1, oSERVER0 @ site 1 (CNTT1-CNPM @ 10.170.100.147) (Contest Id: Default-4356663172451421221)
200610 180350.515|INFO|Thread-10|dumpPacket|    To: TEAM130 @ site 1
200610 180350.515|INFO|Thread-10|dumpPacket|   key: RUN is: edu.csus.ecs.pc2.core.model.Run Run 3 QUEUED_FOR_COMPUTER_JUDGEMENT 3 min 209678ms from TEAM130 @ site 1 id Run--7871644841149994831 problem KIEM_TRA_-_BAI_7--5781807886711587063 lang C/C++-8920418238657793213
200610 180350.515|INFO|Thread-10|info|handlePacket start Packet[RUN_SUBMISSION_CONFIRM] #514 SERVER0 @ site 1 -> TEAM130 @ site 1
200610 180350.515|INFO|Thread-10|dumpPacket|Packet RUN_SUBMISSION_CONFIRM (Seq #514, o#514 ) handlePacket
200610 180350.516|INFO|Thread-10|dumpPacket|  From: SERVER0 @ site 1, oSERVER0 @ site 1 (CNTT1-CNPM @ 10.170.100.147) (Contest Id: Default-4356663172451421221)
200610 180350.516|INFO|Thread-10|dumpPacket|    To: TEAM130 @ site 1
200610 180350.516|INFO|Thread-10|dumpPacket|   key: RUN is: edu.csus.ecs.pc2.core.model.Run Run 3 QUEUED_FOR_COMPUTER_JUDGEMENT 3 min 209678ms from TEAM130 @ site 1 id Run--7871644841149994831 problem KIEM_TRA_-_BAI_7--5781807886711587063 lang C/C++-8920418238657793213
200610 180351.174|INFO|Thread-10|info| receiveObject(S) end   got Packet[RUN_SUBMISSION_CONFIRM] #514 SERVER0 @ site 1 -> TEAM130 @ site 1
200610 180352.619|INFO|Thread-11|info| receiveObject(S) start got Packet[RUN_JUDGEMENT] #519 SERVER0 @ site 1 -> TEAM130 @ site 1
200610 180352.619|INFO|Thread-11|dumpPacket|Packet RUN_JUDGEMENT (Seq #519, o#519 ) recieveObject
200610 180352.619|INFO|Thread-11|dumpPacket|  From: SERVER0 @ site 1, oSERVER0 @ site 1 (CNTT1-CNPM @ 10.170.100.147) (Contest Id: Default-4356663172451421221)
200610 180352.619|INFO|Thread-11|dumpPacket|    To: TEAM130 @ site 1
200610 180352.619|INFO|Thread-11|dumpPacket|   key: JUDGEMENT_RECORD is: edu.csus.ecs.pc2.core.model.JudgementRecord Yes by JUDGE1 @ site 1 judgement Yes--1191553361663449222 id JudgementRecord--3430765881262659816
200610 180352.619|INFO|Thread-11|dumpPacket|   key: CLIENT_ID is: edu.csus.ecs.pc2.core.model.ClientId SERVER0 @ site 1
200610 180352.620|INFO|Thread-11|dumpPacket|   key: RUN is: edu.csus.ecs.pc2.core.model.Run Run 3 JUDGED 3 min 209678ms from TEAM130 @ site 1 id Run--7871644841149994831 problem KIEM_TRA_-_BAI_7--5781807886711587063 lang C/C++-8920418238657793213
200610 180352.621|INFO|Thread-11|info|handlePacket start Packet[RUN_JUDGEMENT] #519 SERVER0 @ site 1 -> TEAM130 @ site 1
200610 180352.621|INFO|Thread-11|dumpPacket|Packet RUN_JUDGEMENT (Seq #519, o#519 ) handlePacket
200610 180352.621|INFO|Thread-11|dumpPacket|  From: SERVER0 @ site 1, oSERVER0 @ site 1 (CNTT1-CNPM @ 10.170.100.147) (Contest Id: Default-4356663172451421221)
200610 180352.621|INFO|Thread-11|dumpPacket|    To: TEAM130 @ site 1
200610 180352.621|INFO|Thread-11|dumpPacket|   key: JUDGEMENT_RECORD is: edu.csus.ecs.pc2.core.model.JudgementRecord Yes by JUDGE1 @ site 1 judgement Yes--1191553361663449222 id JudgementRecord--3430765881262659816
200610 180352.621|INFO|Thread-11|dumpPacket|   key: CLIENT_ID is: edu.csus.ecs.pc2.core.model.ClientId SERVER0 @ site 1
200610 180352.621|INFO|Thread-11|dumpPacket|   key: RUN is: edu.csus.ecs.pc2.core.model.Run Run 3 JUDGED 3 min 209678ms from TEAM130 @ site 1 id Run--7871644841149994831 problem KIEM_TRA_-_BAI_7--5781807886711587063 lang C/C++-8920418238657793213
200610 180355.080|INFO|Thread-11|runChanged|RunsPane.RunListener: Action=CHANGED; DetailedAction=null; msg=null; run=Run 3 JUDGED 3 min 209678ms from TEAM130 @ site 1 id Run--7871644841149994831 problem KIEM_TRA_-_BAI_7--5781807886711587063 lang C/C++-8920418238657793213; runFiles=null
200610 180355.080|INFO|Thread-11|runChanged|Event not for me: sent to null but my ID is TEAM130 @ site 1
200610 180355.080|INFO|Thread-11|info| receiveObject(S) end   got Packet[RUN_JUDGEMENT] #519 SERVER0 @ site 1 -> TEAM130 @ site 1
200610 180821.679|INFO|AWT-EventQueue-0|testOrSubmitRun|submitRun for KIEM TRA - BAI 1 C/C++ file: C:\Users\Admin\Desktop\CTDL_GT_TS\Thuc Hanh\Buoi 2\1.cpp
200610 180821.680|INFO|AWT-EventQueue-0|sendToLocalServer|Sending packet to server Packet[RUN_SUBMISSION] #4 TEAM130 @ site 1 -> SERVER0 @ site 1
200610 180821.680|INFO|AWT-EventQueue-0|sendToLocalServer|Sent    packet to server Packet[RUN_SUBMISSION] #4 TEAM130 @ site 1 -> SERVER0 @ site 1
200610 180821.768|INFO|Thread-13|info| receiveObject(S) start got Packet[RUN_SUBMISSION_CONFIRM] #655 SERVER0 @ site 1 -> TEAM130 @ site 1
200610 180821.769|INFO|Thread-13|dumpPacket|Packet RUN_SUBMISSION_CONFIRM (Seq #655, o#655 ) recieveObject
200610 180821.769|INFO|Thread-13|dumpPacket|  From: SERVER0 @ site 1, oSERVER0 @ site 1 (CNTT1-CNPM @ 10.170.100.147) (Contest Id: Default-4356663172451421221)
200610 180821.769|INFO|Thread-13|dumpPacket|    To: TEAM130 @ site 1
200610 180821.769|INFO|Thread-13|dumpPacket|   key: RUN is: edu.csus.ecs.pc2.core.model.Run Run 15 QUEUED_FOR_COMPUTER_JUDGEMENT 8 min 480947ms from TEAM130 @ site 1 id Run-6055339920888081048 problem KIEM_TRA_-_BAI_1-457810580858602380 lang C/C++-8920418238657793213
200610 180821.769|INFO|Thread-13|info|handlePacket start Packet[RUN_SUBMISSION_CONFIRM] #655 SERVER0 @ site 1 -> TEAM130 @ site 1
200610 180821.769|INFO|Thread-13|dumpPacket|Packet RUN_SUBMISSION_CONFIRM (Seq #655, o#655 ) handlePacket
200610 180821.769|INFO|Thread-13|dumpPacket|  From: SERVER0 @ site 1, oSERVER0 @ site 1 (CNTT1-CNPM @ 10.170.100.147) (Contest Id: Default-4356663172451421221)
200610 180821.769|INFO|Thread-13|dumpPacket|    To: TEAM130 @ site 1
200610 180821.770|INFO|Thread-13|dumpPacket|   key: RUN is: edu.csus.ecs.pc2.core.model.Run Run 15 QUEUED_FOR_COMPUTER_JUDGEMENT 8 min 480947ms from TEAM130 @ site 1 id Run-6055339920888081048 problem KIEM_TRA_-_BAI_1-457810580858602380 lang C/C++-8920418238657793213
200610 180824.328|INFO|Thread-14|info| receiveObject(S) start got Packet[RUN_JUDGEMENT] #661 SERVER0 @ site 1 -> TEAM130 @ site 1
200610 180824.328|INFO|Thread-14|dumpPacket|Packet RUN_JUDGEMENT (Seq #661, o#661 ) recieveObject
200610 180824.328|INFO|Thread-14|dumpPacket|  From: SERVER0 @ site 1, oSERVER0 @ site 1 (CNTT1-CNPM @ 10.170.100.147) (Contest Id: Default-4356663172451421221)
200610 180824.329|INFO|Thread-14|dumpPacket|    To: TEAM130 @ site 1
200610 180824.329|INFO|Thread-14|dumpPacket|   key: JUDGEMENT_RECORD is: edu.csus.ecs.pc2.core.model.JudgementRecord No by JUDGE1 @ site 1 judgement No_-_Wrong_Answer-5771467716912978813 id JudgementRecord--2739640182388378378
200610 180824.329|INFO|Thread-14|dumpPacket|   key: CLIENT_ID is: edu.csus.ecs.pc2.core.model.ClientId SERVER0 @ site 1
200610 180824.329|INFO|Thread-14|dumpPacket|   key: RUN is: edu.csus.ecs.pc2.core.model.Run Run 15 JUDGED 8 min 480947ms from TEAM130 @ site 1 id Run-6055339920888081048 problem KIEM_TRA_-_BAI_1-457810580858602380 lang C/C++-8920418238657793213
200610 180824.329|INFO|Thread-14|info|handlePacket start Packet[RUN_JUDGEMENT] #661 SERVER0 @ site 1 -> TEAM130 @ site 1
200610 180824.329|INFO|Thread-14|dumpPacket|Packet RUN_JUDGEMENT (Seq #661, o#661 ) handlePacket
200610 180824.329|INFO|Thread-14|dumpPacket|  From: SERVER0 @ site 1, oSERVER0 @ site 1 (CNTT1-CNPM @ 10.170.100.147) (Contest Id: Default-4356663172451421221)
200610 180824.329|INFO|Thread-14|dumpPacket|    To: TEAM130 @ site 1
200610 180824.329|INFO|Thread-14|dumpPacket|   key: JUDGEMENT_RECORD is: edu.csus.ecs.pc2.core.model.JudgementRecord No by JUDGE1 @ site 1 judgement No_-_Wrong_Answer-5771467716912978813 id JudgementRecord--2739640182388378378
200610 180824.329|INFO|Thread-14|dumpPacket|   key: CLIENT_ID is: edu.csus.ecs.pc2.core.model.ClientId SERVER0 @ site 1
200610 180824.329|INFO|Thread-14|dumpPacket|   key: RUN is: edu.csus.ecs.pc2.core.model.Run Run 15 JUDGED 8 min 480947ms from TEAM130 @ site 1 id Run-6055339920888081048 problem KIEM_TRA_-_BAI_1-457810580858602380 lang C/C++-8920418238657793213
200610 180825.125|INFO|Thread-14|runChanged|RunsPane.RunListener: Action=CHANGED; DetailedAction=null; msg=null; run=Run 15 JUDGED 8 min 480947ms from TEAM130 @ site 1 id Run-6055339920888081048 problem KIEM_TRA_-_BAI_1-457810580858602380 lang C/C++-8920418238657793213; runFiles=null
200610 180825.125|INFO|Thread-14|runChanged|Event not for me: sent to null but my ID is TEAM130 @ site 1
200610 180825.125|INFO|Thread-14|info| receiveObject(S) end   got Packet[RUN_JUDGEMENT] #661 SERVER0 @ site 1 -> TEAM130 @ site 1
200610 180825.406|INFO|Thread-13|info| receiveObject(S) end   got Packet[RUN_SUBMISSION_CONFIRM] #655 SERVER0 @ site 1 -> TEAM130 @ site 1
200610 181252.910|INFO|AWT-EventQueue-0|testOrSubmitRun|submitRun for KIEM TRA - BAI 1 C/C++ file: C:\Users\Admin\Desktop\CTDL_GT_TS\Thuc Hanh\Buoi 2\1.cpp
200610 181252.911|INFO|AWT-EventQueue-0|sendToLocalServer|Sending packet to server Packet[RUN_SUBMISSION] #5 TEAM130 @ site 1 -> SERVER0 @ site 1
200610 181252.911|INFO|AWT-EventQueue-0|sendToLocalServer|Sent    packet to server Packet[RUN_SUBMISSION] #5 TEAM130 @ site 1 -> SERVER0 @ site 1
200610 181253.006|INFO|Thread-16|info| receiveObject(S) start got Packet[RUN_SUBMISSION_CONFIRM] #820 SERVER0 @ site 1 -> TEAM130 @ site 1
200610 181253.006|INFO|Thread-16|dumpPacket|Packet RUN_SUBMISSION_CONFIRM (Seq #820, o#820 ) recieveObject
200610 181253.007|INFO|Thread-16|dumpPacket|  From: SERVER0 @ site 1, oSERVER0 @ site 1 (CNTT1-CNPM @ 10.170.100.147) (Contest Id: Default-4356663172451421221)
200610 181253.007|INFO|Thread-16|dumpPacket|    To: TEAM130 @ site 1
200610 181253.007|INFO|Thread-16|dumpPacket|   key: RUN is: edu.csus.ecs.pc2.core.model.Run Run 31 QUEUED_FOR_COMPUTER_JUDGEMENT 12 min 752175ms from TEAM130 @ site 1 id Run--7601793046533012665 problem KIEM_TRA_-_BAI_1-457810580858602380 lang C/C++-8920418238657793213
200610 181253.007|INFO|Thread-16|info|handlePacket start Packet[RUN_SUBMISSION_CONFIRM] #820 SERVER0 @ site 1 -> TEAM130 @ site 1
200610 181253.007|INFO|Thread-16|dumpPacket|Packet RUN_SUBMISSION_CONFIRM (Seq #820, o#820 ) handlePacket
200610 181253.007|INFO|Thread-16|dumpPacket|  From: SERVER0 @ site 1, oSERVER0 @ site 1 (CNTT1-CNPM @ 10.170.100.147) (Contest Id: Default-4356663172451421221)
200610 181253.007|INFO|Thread-16|dumpPacket|    To: TEAM130 @ site 1
200610 181253.008|INFO|Thread-16|dumpPacket|   key: RUN is: edu.csus.ecs.pc2.core.model.Run Run 31 QUEUED_FOR_COMPUTER_JUDGEMENT 12 min 752175ms from TEAM130 @ site 1 id Run--7601793046533012665 problem KIEM_TRA_-_BAI_1-457810580858602380 lang C/C++-8920418238657793213
200610 181253.917|INFO|Thread-16|info| receiveObject(S) end   got Packet[RUN_SUBMISSION_CONFIRM] #820 SERVER0 @ site 1 -> TEAM130 @ site 1
200610 181254.895|INFO|Thread-17|info| receiveObject(S) start got Packet[RUN_JUDGEMENT] #824 SERVER0 @ site 1 -> TEAM130 @ site 1
200610 181254.895|INFO|Thread-17|dumpPacket|Packet RUN_JUDGEMENT (Seq #824, o#824 ) recieveObject
200610 181254.895|INFO|Thread-17|dumpPacket|  From: SERVER0 @ site 1, oSERVER0 @ site 1 (CNTT1-CNPM @ 10.170.100.147) (Contest Id: Default-4356663172451421221)
200610 181254.896|INFO|Thread-17|dumpPacket|    To: TEAM130 @ site 1
200610 181254.896|INFO|Thread-17|dumpPacket|   key: JUDGEMENT_RECORD is: edu.csus.ecs.pc2.core.model.JudgementRecord Yes by JUDGE1 @ site 1 judgement Yes--1191553361663449222 id JudgementRecord-83217037990157588
200610 181254.896|INFO|Thread-17|dumpPacket|   key: CLIENT_ID is: edu.csus.ecs.pc2.core.model.ClientId SERVER0 @ site 1
200610 181254.896|INFO|Thread-17|dumpPacket|   key: RUN is: edu.csus.ecs.pc2.core.model.Run Run 31 JUDGED 12 min 752175ms from TEAM130 @ site 1 id Run--7601793046533012665 problem KIEM_TRA_-_BAI_1-457810580858602380 lang C/C++-8920418238657793213
200610 181254.896|INFO|Thread-17|info|handlePacket start Packet[RUN_JUDGEMENT] #824 SERVER0 @ site 1 -> TEAM130 @ site 1
200610 181254.896|INFO|Thread-17|dumpPacket|Packet RUN_JUDGEMENT (Seq #824, o#824 ) handlePacket
200610 181254.896|INFO|Thread-17|dumpPacket|  From: SERVER0 @ site 1, oSERVER0 @ site 1 (CNTT1-CNPM @ 10.170.100.147) (Contest Id: Default-4356663172451421221)
200610 181254.896|INFO|Thread-17|dumpPacket|    To: TEAM130 @ site 1
200610 181254.896|INFO|Thread-17|dumpPacket|   key: JUDGEMENT_RECORD is: edu.csus.ecs.pc2.core.model.JudgementRecord Yes by JUDGE1 @ site 1 judgement Yes--1191553361663449222 id JudgementRecord-83217037990157588
200610 181254.897|INFO|Thread-17|dumpPacket|   key: CLIENT_ID is: edu.csus.ecs.pc2.core.model.ClientId SERVER0 @ site 1
200610 181254.897|INFO|Thread-17|dumpPacket|   key: RUN is: edu.csus.ecs.pc2.core.model.Run Run 31 JUDGED 12 min 752175ms from TEAM130 @ site 1 id Run--7601793046533012665 problem KIEM_TRA_-_BAI_1-457810580858602380 lang C/C++-8920418238657793213
200610 181255.534|INFO|Thread-17|runChanged|RunsPane.RunListener: Action=CHANGED; DetailedAction=null; msg=null; run=Run 31 JUDGED 12 min 752175ms from TEAM130 @ site 1 id Run--7601793046533012665 problem KIEM_TRA_-_BAI_1-457810580858602380 lang C/C++-8920418238657793213; runFiles=null
200610 181255.534|INFO|Thread-17|runChanged|Event not for me: sent to null but my ID is TEAM130 @ site 1
200610 181255.534|INFO|Thread-17|info| receiveObject(S) end   got Packet[RUN_JUDGEMENT] #824 SERVER0 @ site 1 -> TEAM130 @ site 1
200610 184407.887|INFO|AWT-EventQueue-0|testOrSubmitRun|submitRun for KIEM TRA - BAI 4 C/C++ file: C:\Users\Admin\Desktop\CTDL_GT_TS\Thuc Hanh\Buoi 2\4.cpp
200610 184407.888|INFO|AWT-EventQueue-0|sendToLocalServer|Sending packet to server Packet[RUN_SUBMISSION] #6 TEAM130 @ site 1 -> SERVER0 @ site 1
200610 184407.888|INFO|AWT-EventQueue-0|sendToLocalServer|Sent    packet to server Packet[RUN_SUBMISSION] #6 TEAM130 @ site 1 -> SERVER0 @ site 1
200610 184408.019|INFO|Thread-19|info| receiveObject(S) start got Packet[RUN_SUBMISSION_CONFIRM] #1720 SERVER0 @ site 1 -> TEAM130 @ site 1
200610 184408.020|INFO|Thread-19|dumpPacket|Packet RUN_SUBMISSION_CONFIRM (Seq #1720, o#1720 ) recieveObject
200610 184408.020|INFO|Thread-19|dumpPacket|  From: SERVER0 @ site 1, oSERVER0 @ site 1 (CNTT1-CNPM @ 10.170.100.147) (Contest Id: Default-4356663172451421221)
200610 184408.020|INFO|Thread-19|dumpPacket|    To: TEAM130 @ site 1
200610 184408.020|INFO|Thread-19|dumpPacket|   key: RUN is: edu.csus.ecs.pc2.core.model.Run Run 143 QUEUED_FOR_COMPUTER_JUDGEMENT 43 min 2627173ms from TEAM130 @ site 1 id Run-4667820112019304962 problem KIEM_TRA_-_BAI_4-759200986478668319 lang C/C++-8920418238657793213
200610 184408.020|INFO|Thread-19|info|handlePacket start Packet[RUN_SUBMISSION_CONFIRM] #1720 SERVER0 @ site 1 -> TEAM130 @ site 1
200610 184408.020|INFO|Thread-19|dumpPacket|Packet RUN_SUBMISSION_CONFIRM (Seq #1720, o#1720 ) handlePacket
200610 184408.020|INFO|Thread-19|dumpPacket|  From: SERVER0 @ site 1, oSERVER0 @ site 1 (CNTT1-CNPM @ 10.170.100.147) (Contest Id: Default-4356663172451421221)
200610 184408.020|INFO|Thread-19|dumpPacket|    To: TEAM130 @ site 1
200610 184408.021|INFO|Thread-19|dumpPacket|   key: RUN is: edu.csus.ecs.pc2.core.model.Run Run 143 QUEUED_FOR_COMPUTER_JUDGEMENT 43 min 2627173ms from TEAM130 @ site 1 id Run-4667820112019304962 problem KIEM_TRA_-_BAI_4-759200986478668319 lang C/C++-8920418238657793213
200610 184408.821|INFO|Thread-19|info| receiveObject(S) end   got Packet[RUN_SUBMISSION_CONFIRM] #1720 SERVER0 @ site 1 -> TEAM130 @ site 1
200610 184410.258|INFO|Thread-20|info| receiveObject(S) start got Packet[RUN_JUDGEMENT] #1724 SERVER0 @ site 1 -> TEAM130 @ site 1
200610 184410.258|INFO|Thread-20|dumpPacket|Packet RUN_JUDGEMENT (Seq #1724, o#1724 ) recieveObject
200610 184410.258|INFO|Thread-20|dumpPacket|  From: SERVER0 @ site 1, oSERVER0 @ site 1 (CNTT1-CNPM @ 10.170.100.147) (Contest Id: Default-4356663172451421221)
200610 184410.258|INFO|Thread-20|dumpPacket|    To: TEAM130 @ site 1
200610 184410.258|INFO|Thread-20|dumpPacket|   key: JUDGEMENT_RECORD is: edu.csus.ecs.pc2.core.model.JudgementRecord Yes by JUDGE1 @ site 1 judgement Yes--1191553361663449222 id JudgementRecord-6807053509077904573
200610 184410.258|INFO|Thread-20|dumpPacket|   key: CLIENT_ID is: edu.csus.ecs.pc2.core.model.ClientId SERVER0 @ site 1
200610 184410.259|INFO|Thread-20|dumpPacket|   key: RUN is: edu.csus.ecs.pc2.core.model.Run Run 143 JUDGED 43 min 2627173ms from TEAM130 @ site 1 id Run-4667820112019304962 problem KIEM_TRA_-_BAI_4-759200986478668319 lang C/C++-8920418238657793213
200610 184410.259|INFO|Thread-20|info|handlePacket start Packet[RUN_JUDGEMENT] #1724 SERVER0 @ site 1 -> TEAM130 @ site 1
200610 184410.259|INFO|Thread-20|dumpPacket|Packet RUN_JUDGEMENT (Seq #1724, o#1724 ) handlePacket
200610 184410.259|INFO|Thread-20|dumpPacket|  From: SERVER0 @ site 1, oSERVER0 @ site 1 (CNTT1-CNPM @ 10.170.100.147) (Contest Id: Default-4356663172451421221)
200610 184410.259|INFO|Thread-20|dumpPacket|    To: TEAM130 @ site 1
200610 184410.259|INFO|Thread-20|dumpPacket|   key: JUDGEMENT_RECORD is: edu.csus.ecs.pc2.core.model.JudgementRecord Yes by JUDGE1 @ site 1 judgement Yes--1191553361663449222 id JudgementRecord-6807053509077904573
200610 184410.259|INFO|Thread-20|dumpPacket|   key: CLIENT_ID is: edu.csus.ecs.pc2.core.model.ClientId SERVER0 @ site 1
200610 184410.259|INFO|Thread-20|dumpPacket|   key: RUN is: edu.csus.ecs.pc2.core.model.Run Run 143 JUDGED 43 min 2627173ms from TEAM130 @ site 1 id Run-4667820112019304962 problem KIEM_TRA_-_BAI_4-759200986478668319 lang C/C++-8920418238657793213
200610 184410.998|INFO|Thread-20|runChanged|RunsPane.RunListener: Action=CHANGED; DetailedAction=null; msg=null; run=Run 143 JUDGED 43 min 2627173ms from TEAM130 @ site 1 id Run-4667820112019304962 problem KIEM_TRA_-_BAI_4-759200986478668319 lang C/C++-8920418238657793213; runFiles=null
200610 184410.998|INFO|Thread-20|runChanged|Event not for me: sent to null but my ID is TEAM130 @ site 1
200610 184410.998|INFO|Thread-20|info| receiveObject(S) end   got Packet[RUN_JUDGEMENT] #1724 SERVER0 @ site 1 -> TEAM130 @ site 1
200610 184903.693|INFO|AWT-EventQueue-0|testOrSubmitRun|submitRun for KIEM TRA - BAI 3 C/C++ file: C:\Users\Admin\Desktop\CTDL_GT_TS\Thuc Hanh\Buoi 2\3.cpp
200610 184903.694|INFO|AWT-EventQueue-0|sendToLocalServer|Sending packet to server Packet[RUN_SUBMISSION] #7 TEAM130 @ site 1 -> SERVER0 @ site 1
200610 184903.695|INFO|AWT-EventQueue-0|sendToLocalServer|Sent    packet to server Packet[RUN_SUBMISSION] #7 TEAM130 @ site 1 -> SERVER0 @ site 1
200610 184903.822|INFO|Thread-22|info| receiveObject(S) start got Packet[RUN_SUBMISSION_CONFIRM] #1945 SERVER0 @ site 1 -> TEAM130 @ site 1
200610 184903.822|INFO|Thread-22|dumpPacket|Packet RUN_SUBMISSION_CONFIRM (Seq #1945, o#1945 ) recieveObject
200610 184903.822|INFO|Thread-22|dumpPacket|  From: SERVER0 @ site 1, oSERVER0 @ site 1 (CNTT1-CNPM @ 10.170.100.147) (Contest Id: Default-4356663172451421221)
200610 184903.822|INFO|Thread-22|dumpPacket|    To: TEAM130 @ site 1
200610 184903.822|INFO|Thread-22|dumpPacket|   key: RUN is: edu.csus.ecs.pc2.core.model.Run Run 170 QUEUED_FOR_COMPUTER_JUDGEMENT 48 min 2922980ms from TEAM130 @ site 1 id Run--4569465616309952576 problem KIEM_TRA_-_BAI_3--8718663582108662515 lang C/C++-8920418238657793213
200610 184903.822|INFO|Thread-22|info|handlePacket start Packet[RUN_SUBMISSION_CONFIRM] #1945 SERVER0 @ site 1 -> TEAM130 @ site 1
200610 184903.822|INFO|Thread-22|dumpPacket|Packet RUN_SUBMISSION_CONFIRM (Seq #1945, o#1945 ) handlePacket
200610 184903.823|INFO|Thread-22|dumpPacket|  From: SERVER0 @ site 1, oSERVER0 @ site 1 (CNTT1-CNPM @ 10.170.100.147) (Contest Id: Default-4356663172451421221)
200610 184903.823|INFO|Thread-22|dumpPacket|    To: TEAM130 @ site 1
200610 184903.823|INFO|Thread-22|dumpPacket|   key: RUN is: edu.csus.ecs.pc2.core.model.Run Run 170 QUEUED_FOR_COMPUTER_JUDGEMENT 48 min 2922980ms from TEAM130 @ site 1 id Run--4569465616309952576 problem KIEM_TRA_-_BAI_3--8718663582108662515 lang C/C++-8920418238657793213
200610 184906.215|INFO|Thread-23|info| receiveObject(S) start got Packet[RUN_JUDGEMENT] #1953 SERVER0 @ site 1 -> TEAM130 @ site 1
200610 184906.215|INFO|Thread-23|dumpPacket|Packet RUN_JUDGEMENT (Seq #1953, o#1953 ) recieveObject
200610 184906.215|INFO|Thread-23|dumpPacket|  From: SERVER0 @ site 1, oSERVER0 @ site 1 (CNTT1-CNPM @ 10.170.100.147) (Contest Id: Default-4356663172451421221)
200610 184906.215|INFO|Thread-23|dumpPacket|    To: TEAM130 @ site 1
200610 184906.215|INFO|Thread-23|dumpPacket|   key: JUDGEMENT_RECORD is: edu.csus.ecs.pc2.core.model.JudgementRecord Yes by JUDGE1 @ site 1 judgement Yes--1191553361663449222 id JudgementRecord--2028205045023089147
200610 184906.215|INFO|Thread-23|dumpPacket|   key: CLIENT_ID is: edu.csus.ecs.pc2.core.model.ClientId SERVER0 @ site 1
200610 184906.215|INFO|Thread-23|dumpPacket|   key: RUN is: edu.csus.ecs.pc2.core.model.Run Run 170 JUDGED 48 min 2922980ms from TEAM130 @ site 1 id Run--4569465616309952576 problem KIEM_TRA_-_BAI_3--8718663582108662515 lang C/C++-8920418238657793213
200610 184906.216|INFO|Thread-23|info|handlePacket start Packet[RUN_JUDGEMENT] #1953 SERVER0 @ site 1 -> TEAM130 @ site 1
200610 184906.216|INFO|Thread-23|dumpPacket|Packet RUN_JUDGEMENT (Seq #1953, o#1953 ) handlePacket
200610 184906.216|INFO|Thread-23|dumpPacket|  From: SERVER0 @ site 1, oSERVER0 @ site 1 (CNTT1-CNPM @ 10.170.100.147) (Contest Id: Default-4356663172451421221)
200610 184906.216|INFO|Thread-23|dumpPacket|    To: TEAM130 @ site 1
200610 184906.216|INFO|Thread-23|dumpPacket|   key: JUDGEMENT_RECORD is: edu.csus.ecs.pc2.core.model.JudgementRecord Yes by JUDGE1 @ site 1 judgement Yes--1191553361663449222 id JudgementRecord--2028205045023089147
200610 184906.216|INFO|Thread-23|dumpPacket|   key: CLIENT_ID is: edu.csus.ecs.pc2.core.model.ClientId SERVER0 @ site 1
200610 184906.216|INFO|Thread-23|dumpPacket|   key: RUN is: edu.csus.ecs.pc2.core.model.Run Run 170 JUDGED 48 min 2922980ms from TEAM130 @ site 1 id Run--4569465616309952576 problem KIEM_TRA_-_BAI_3--8718663582108662515 lang C/C++-8920418238657793213
200610 184906.941|INFO|Thread-23|runChanged|RunsPane.RunListener: Action=CHANGED; DetailedAction=null; msg=null; run=Run 170 JUDGED 48 min 2922980ms from TEAM130 @ site 1 id Run--4569465616309952576 problem KIEM_TRA_-_BAI_3--8718663582108662515 lang C/C++-8920418238657793213; runFiles=null
200610 184906.942|INFO|Thread-23|runChanged|Event not for me: sent to null but my ID is TEAM130 @ site 1
200610 184906.942|INFO|Thread-23|info| receiveObject(S) end   got Packet[RUN_JUDGEMENT] #1953 SERVER0 @ site 1 -> TEAM130 @ site 1
200610 184907.271|INFO|Thread-22|info| receiveObject(S) end   got Packet[RUN_SUBMISSION_CONFIRM] #1945 SERVER0 @ site 1 -> TEAM130 @ site 1
200610 185700.925|INFO|Thread-24|info| receiveObject(S) start got Packet[UPDATE_SETTING] #2354 SERVER0 @ site 1 -> SERVER0 @ site 0
200610 185700.925|INFO|Thread-24|dumpPacket|Packet UPDATE_SETTING (Seq #2354, o#2 ) recieveObject
200610 185700.925|INFO|Thread-24|dumpPacket|  From: SERVER0 @ site 1, oADMINISTRATOR1 @ site 1 (CNTT1-CNPM @ 10.170.100.147) (Contest Id: Default-4356663172451421221)
200610 185700.925|INFO|Thread-24|dumpPacket|    To: SERVER0 @ site 0
200610 185700.925|INFO|Thread-24|dumpPacket|   key: CONTEST_TIME is: edu.csus.ecs.pc2.core.model.ContestTime edu.csus.ecs.pc2.core.model.ContestTime@309b5502
200610 185700.925|INFO|Thread-24|info|handlePacket start Packet[UPDATE_SETTING] #2354 SERVER0 @ site 1 -> SERVER0 @ site 0
200610 185700.925|INFO|Thread-24|dumpPacket|Packet UPDATE_SETTING (Seq #2354, o#2 ) handlePacket
200610 185700.925|INFO|Thread-24|dumpPacket|  From: SERVER0 @ site 1, oADMINISTRATOR1 @ site 1 (CNTT1-CNPM @ 10.170.100.147) (Contest Id: Default-4356663172451421221)
200610 185700.925|INFO|Thread-24|dumpPacket|    To: SERVER0 @ site 0
200610 185700.925|INFO|Thread-24|dumpPacket|   key: CONTEST_TIME is: edu.csus.ecs.pc2.core.model.ContestTime edu.csus.ecs.pc2.core.model.ContestTime@309b5502
200610 185700.926|INFO|Thread-24|info|handlePacket end Packet[UPDATE_SETTING] #2354 SERVER0 @ site 1 -> SERVER0 @ site 0
200610 185700.926|INFO|Thread-24|info| receiveObject(S) end   got Packet[UPDATE_SETTING] #2354 SERVER0 @ site 1 -> SERVER0 @ site 0
200610 185701.428|INFO|Thread-25|info| receiveObject(S) start got Packet[UPDATE_SETTING] #2357 SERVER0 @ site 1 -> SERVER0 @ site 0
200610 185701.429|INFO|Thread-25|dumpPacket|Packet UPDATE_SETTING (Seq #2357, o#3 ) recieveObject
200610 185701.429|INFO|Thread-25|dumpPacket|  From: SERVER0 @ site 1, oADMINISTRATOR1 @ site 1 (CNTT1-CNPM @ 10.170.100.147) (Contest Id: Default-4356663172451421221)
200610 185701.429|INFO|Thread-25|dumpPacket|    To: SERVER0 @ site 0
200610 185701.429|INFO|Thread-25|dumpPacket|   key: CONTEST_INFORMATION is: edu.csus.ecs.pc2.core.model.ContestInformation edu.csus.ecs.pc2.core.model.ContestInformation@7d0cf236
200610 185701.429|INFO|Thread-25|info|handlePacket start Packet[UPDATE_SETTING] #2357 SERVER0 @ site 1 -> SERVER0 @ site 0
200610 185701.429|INFO|Thread-25|dumpPacket|Packet UPDATE_SETTING (Seq #2357, o#3 ) handlePacket
200610 185701.429|INFO|Thread-25|dumpPacket|  From: SERVER0 @ site 1, oADMINISTRATOR1 @ site 1 (CNTT1-CNPM @ 10.170.100.147) (Contest Id: Default-4356663172451421221)
200610 185701.429|INFO|Thread-25|dumpPacket|    To: SERVER0 @ site 0
200610 185701.429|INFO|Thread-25|dumpPacket|   key: CONTEST_INFORMATION is: edu.csus.ecs.pc2.core.model.ContestInformation edu.csus.ecs.pc2.core.model.ContestInformation@7d0cf236
200610 185701.431|INFO|Thread-25|info|handlePacket end Packet[UPDATE_SETTING] #2357 SERVER0 @ site 1 -> SERVER0 @ site 0
200610 185701.431|INFO|Thread-25|info| receiveObject(S) end   got Packet[UPDATE_SETTING] #2357 SERVER0 @ site 1 -> SERVER0 @ site 0
200610 190031.096|INFO|Thread-26|info| receiveObject(S) start got Packet[CLOCK_STOPPED] #2565 SERVER0 @ site 1 -> SERVER0 @ site 0
200610 190031.097|INFO|Thread-26|dumpPacket|Packet CLOCK_STOPPED (Seq #2565, o#2565 ) recieveObject
200610 190031.098|INFO|Thread-26|dumpPacket|  From: SERVER0 @ site 1, oSERVER0 @ site 1 (CNTT1-CNPM @ 10.170.100.147) (Contest Id: Default-4356663172451421221)
200610 190031.098|INFO|Thread-26|dumpPacket|    To: SERVER0 @ site 0
200610 190031.098|INFO|Thread-26|dumpPacket|   key: CLIENT_ID is: edu.csus.ecs.pc2.core.model.ClientId ADMINISTRATOR1 @ site 1
200610 190031.098|INFO|Thread-26|dumpPacket|   key: SITE_NUMBER is: java.lang.Integer 1
200610 190031.098|INFO|Thread-26|info|handlePacket start Packet[CLOCK_STOPPED] #2565 SERVER0 @ site 1 -> SERVER0 @ site 0
200610 190031.098|INFO|Thread-26|dumpPacket|Packet CLOCK_STOPPED (Seq #2565, o#2565 ) handlePacket
200610 190031.098|INFO|Thread-26|dumpPacket|  From: SERVER0 @ site 1, oSERVER0 @ site 1 (CNTT1-CNPM @ 10.170.100.147) (Contest Id: Default-4356663172451421221)
200610 190031.098|INFO|Thread-26|dumpPacket|    To: SERVER0 @ site 0
200610 190031.098|INFO|Thread-26|dumpPacket|   key: CLIENT_ID is: edu.csus.ecs.pc2.core.model.ClientId ADMINISTRATOR1 @ site 1
200610 190031.098|INFO|Thread-26|dumpPacket|   key: SITE_NUMBER is: java.lang.Integer 1
200610 190031.098|INFO|Thread-26|info|Clock for site 1 stopped by ADMINISTRATOR1 @ site 1 elapsed 1:56:45
200610 190031.098|INFO|Thread-26|info| receiveObject(S) end   got Packet[CLOCK_STOPPED] #2565 SERVER0 @ site 1 -> SERVER0 @ site 0
200610 190046.510|INFO|Thread-27|info| receiveObject(S) start got Packet[UPDATE_SETTING] #2572 SERVER0 @ site 1 -> SERVER0 @ site 0
200610 190046.510|INFO|Thread-27|dumpPacket|Packet UPDATE_SETTING (Seq #2572, o#6 ) recieveObject
200610 190046.510|INFO|Thread-27|dumpPacket|  From: SERVER0 @ site 1, oADMINISTRATOR1 @ site 1 (CNTT1-CNPM @ 10.170.100.147) (Contest Id: Default-4356663172451421221)
200610 190046.510|INFO|Thread-27|dumpPacket|    To: SERVER0 @ site 0
200610 190046.510|INFO|Thread-27|dumpPacket|   key: CONTEST_INFORMATION is: edu.csus.ecs.pc2.core.model.ContestInformation edu.csus.ecs.pc2.core.model.ContestInformation@30ca1168
200610 190046.510|INFO|Thread-27|info|handlePacket start Packet[UPDATE_SETTING] #2572 SERVER0 @ site 1 -> SERVER0 @ site 0
200610 190046.511|INFO|Thread-27|dumpPacket|Packet UPDATE_SETTING (Seq #2572, o#6 ) handlePacket
200610 190046.511|INFO|Thread-27|dumpPacket|  From: SERVER0 @ site 1, oADMINISTRATOR1 @ site 1 (CNTT1-CNPM @ 10.170.100.147) (Contest Id: Default-4356663172451421221)
200610 190046.511|INFO|Thread-27|dumpPacket|    To: SERVER0 @ site 0
200610 190046.511|INFO|Thread-27|dumpPacket|   key: CONTEST_INFORMATION is: edu.csus.ecs.pc2.core.model.ContestInformation edu.csus.ecs.pc2.core.model.ContestInformation@30ca1168
200610 190046.511|INFO|Thread-27|info|handlePacket end Packet[UPDATE_SETTING] #2572 SERVER0 @ site 1 -> SERVER0 @ site 0
200610 190046.511|INFO|Thread-27|info| receiveObject(S) end   got Packet[UPDATE_SETTING] #2572 SERVER0 @ site 1 -> SERVER0 @ site 0
200610 190046.532|INFO|Thread-28|info| receiveObject(S) start got Packet[UPDATE_SETTING] #2573 SERVER0 @ site 1 -> SERVER0 @ site 0
200610 190046.532|INFO|Thread-28|dumpPacket|Packet UPDATE_SETTING (Seq #2573, o#5 ) recieveObject
200610 190046.533|INFO|Thread-28|dumpPacket|  From: SERVER0 @ site 1, oADMINISTRATOR1 @ site 1 (CNTT1-CNPM @ 10.170.100.147) (Contest Id: Default-4356663172451421221)
200610 190046.533|INFO|Thread-28|dumpPacket|    To: SERVER0 @ site 0
200610 190046.533|INFO|Thread-28|dumpPacket|   key: CONTEST_TIME is: edu.csus.ecs.pc2.core.model.ContestTime edu.csus.ecs.pc2.core.model.ContestTime@11589a17
200610 190046.533|INFO|Thread-28|info|handlePacket start Packet[UPDATE_SETTING] #2573 SERVER0 @ site 1 -> SERVER0 @ site 0
200610 190046.533|INFO|Thread-28|dumpPacket|Packet UPDATE_SETTING (Seq #2573, o#5 ) handlePacket
200610 190046.533|INFO|Thread-28|dumpPacket|  From: SERVER0 @ site 1, oADMINISTRATOR1 @ site 1 (CNTT1-CNPM @ 10.170.100.147) (Contest Id: Default-4356663172451421221)
200610 190046.533|INFO|Thread-28|dumpPacket|    To: SERVER0 @ site 0
200610 190046.533|INFO|Thread-28|dumpPacket|   key: CONTEST_TIME is: edu.csus.ecs.pc2.core.model.ContestTime edu.csus.ecs.pc2.core.model.ContestTime@11589a17
200610 190046.534|INFO|Thread-28|info|handlePacket end Packet[UPDATE_SETTING] #2573 SERVER0 @ site 1 -> SERVER0 @ site 0
200610 190046.534|INFO|Thread-28|info| receiveObject(S) end   got Packet[UPDATE_SETTING] #2573 SERVER0 @ site 1 -> SERVER0 @ site 0
200610 190046.917|INFO|Thread-29|info| receiveObject(S) start got Packet[CLOCK_STARTED] #2574 SERVER0 @ site 1 -> SERVER0 @ site 0
200610 190046.917|INFO|Thread-29|dumpPacket|Packet CLOCK_STARTED (Seq #2574, o#2574 ) recieveObject
200610 190046.917|INFO|Thread-29|dumpPacket|  From: SERVER0 @ site 1, oSERVER0 @ site 1 (CNTT1-CNPM @ 10.170.100.147) (Contest Id: Default-4356663172451421221)
200610 190046.918|INFO|Thread-29|dumpPacket|    To: SERVER0 @ site 0
200610 190046.918|INFO|Thread-29|dumpPacket|   key: CLIENT_ID is: edu.csus.ecs.pc2.core.model.ClientId ADMINISTRATOR1 @ site 1
200610 190046.918|INFO|Thread-29|dumpPacket|   key: SERVER_CLOCK_OFFSET is: java.util.GregorianCalendar java.util.GregorianCalendar[time=1591790446900,areFieldsSet=true,areAllFieldsSet=false,lenient=true,zone=sun.util.calendar.ZoneInfo[id="GMT",offset=0,dstSavings=0,useDaylight=false,transitions=0,lastRule=null],firstDayOfWeek=1,minimalDaysInFirstWeek=1,ERA=1,YEAR=2020,MONTH=5,WEEK_OF_YEAR=24,WEEK_OF_MONTH=2,DAY_OF_MONTH=10,DAY_OF_YEAR=162,DAY_OF_WEEK=4,DAY_OF_WEEK_IN_MONTH=2,AM_PM=1,HOUR=0,HOUR_OF_DAY=12,MINUTE=0,SECOND=46,MILLISECOND=900,ZONE_OFFSET=0,DST_OFFSET=0]
200610 190046.918|INFO|Thread-29|dumpPacket|   key: SITE_NUMBER is: java.lang.Integer 1
200610 190046.918|INFO|Thread-29|info|handlePacket start Packet[CLOCK_STARTED] #2574 SERVER0 @ site 1 -> SERVER0 @ site 0
200610 190046.918|INFO|Thread-29|dumpPacket|Packet CLOCK_STARTED (Seq #2574, o#2574 ) handlePacket
200610 190046.918|INFO|Thread-29|dumpPacket|  From: SERVER0 @ site 1, oSERVER0 @ site 1 (CNTT1-CNPM @ 10.170.100.147) (Contest Id: Default-4356663172451421221)
200610 190046.918|INFO|Thread-29|dumpPacket|    To: SERVER0 @ site 0
200610 190046.918|INFO|Thread-29|dumpPacket|   key: CLIENT_ID is: edu.csus.ecs.pc2.core.model.ClientId ADMINISTRATOR1 @ site 1
200610 190046.918|INFO|Thread-29|dumpPacket|   key: SERVER_CLOCK_OFFSET is: java.util.GregorianCalendar java.util.GregorianCalendar[time=1591790446900,areFieldsSet=true,areAllFieldsSet=false,lenient=true,zone=sun.util.calendar.ZoneInfo[id="GMT",offset=0,dstSavings=0,useDaylight=false,transitions=0,lastRule=null],firstDayOfWeek=1,minimalDaysInFirstWeek=1,ERA=1,YEAR=2020,MONTH=5,WEEK_OF_YEAR=24,WEEK_OF_MONTH=2,DAY_OF_MONTH=10,DAY_OF_YEAR=162,DAY_OF_WEEK=4,DAY_OF_WEEK_IN_MONTH=2,AM_PM=1,HOUR=0,HOUR_OF_DAY=12,MINUTE=0,SECOND=46,MILLISECOND=900,ZONE_OFFSET=0,DST_OFFSET=0]
200610 190046.918|INFO|Thread-29|dumpPacket|   key: SITE_NUMBER is: java.lang.Integer 1
200610 190046.919|INFO|Thread-29|info|Clock for site 1 started by ADMINISTRATOR1 @ site 1 elapsed 1:00:00
200610 190046.920|INFO|Thread-29|info| receiveObject(S) end   got Packet[CLOCK_STARTED] #2574 SERVER0 @ site 1 -> SERVER0 @ site 0
200610 190051.165|INFO|Thread-30|info| receiveObject(S) start got Packet[CLOCK_STOPPED] #2577 SERVER0 @ site 1 -> SERVER0 @ site 0
200610 190051.165|INFO|Thread-30|dumpPacket|Packet CLOCK_STOPPED (Seq #2577, o#2577 ) recieveObject
200610 190051.165|INFO|Thread-30|dumpPacket|  From: SERVER0 @ site 1, oSERVER0 @ site 1 (CNTT1-CNPM @ 10.170.100.147) (Contest Id: Default-4356663172451421221)
200610 190051.165|INFO|Thread-30|dumpPacket|    To: SERVER0 @ site 0
200610 190051.166|INFO|Thread-30|dumpPacket|   key: CLIENT_ID is: edu.csus.ecs.pc2.core.model.ClientId ADMINISTRATOR1 @ site 1
200610 190051.166|INFO|Thread-30|dumpPacket|   key: SITE_NUMBER is: java.lang.Integer 1
200610 190051.166|INFO|Thread-30|info|handlePacket start Packet[CLOCK_STOPPED] #2577 SERVER0 @ site 1 -> SERVER0 @ site 0
200610 190051.166|INFO|Thread-30|dumpPacket|Packet CLOCK_STOPPED (Seq #2577, o#2577 ) handlePacket
200610 190051.166|INFO|Thread-30|dumpPacket|  From: SERVER0 @ site 1, oSERVER0 @ site 1 (CNTT1-CNPM @ 10.170.100.147) (Contest Id: Default-4356663172451421221)
200610 190051.166|INFO|Thread-30|dumpPacket|    To: SERVER0 @ site 0
200610 190051.166|INFO|Thread-30|dumpPacket|   key: CLIENT_ID is: edu.csus.ecs.pc2.core.model.ClientId ADMINISTRATOR1 @ site 1
200610 190051.166|INFO|Thread-30|dumpPacket|   key: SITE_NUMBER is: java.lang.Integer 1
200610 190051.166|INFO|Thread-30|info|Clock for site 1 stopped by ADMINISTRATOR1 @ site 1 elapsed 1:00:04
200610 190051.167|INFO|Thread-30|info| receiveObject(S) end   got Packet[CLOCK_STOPPED] #2577 SERVER0 @ site 1 -> SERVER0 @ site 0
200610 190057.591|INFO|Thread-31|info| receiveObject(S) start got Packet[CLOCK_STARTED] #2579 SERVER0 @ site 1 -> SERVER0 @ site 0
200610 190057.591|INFO|Thread-31|dumpPacket|Packet CLOCK_STARTED (Seq #2579, o#2579 ) recieveObject
200610 190057.591|INFO|Thread-31|dumpPacket|  From: SERVER0 @ site 1, oSERVER0 @ site 1 (CNTT1-CNPM @ 10.170.100.147) (Contest Id: Default-4356663172451421221)
200610 190057.591|INFO|Thread-31|dumpPacket|    To: SERVER0 @ site 0
200610 190057.592|INFO|Thread-31|dumpPacket|   key: CLIENT_ID is: edu.csus.ecs.pc2.core.model.ClientId ADMINISTRATOR1 @ site 1
200610 190057.592|INFO|Thread-31|dumpPacket|   key: SERVER_CLOCK_OFFSET is: java.util.GregorianCalendar java.util.GregorianCalendar[time=1591790457576,areFieldsSet=true,areAllFieldsSet=false,lenient=true,zone=sun.util.calendar.ZoneInfo[id="GMT",offset=0,dstSavings=0,useDaylight=false,transitions=0,lastRule=null],firstDayOfWeek=1,minimalDaysInFirstWeek=1,ERA=1,YEAR=2020,MONTH=5,WEEK_OF_YEAR=24,WEEK_OF_MONTH=2,DAY_OF_MONTH=10,DAY_OF_YEAR=162,DAY_OF_WEEK=4,DAY_OF_WEEK_IN_MONTH=2,AM_PM=1,HOUR=0,HOUR_OF_DAY=12,MINUTE=0,SECOND=57,MILLISECOND=576,ZONE_OFFSET=0,DST_OFFSET=0]
200610 190057.592|INFO|Thread-31|dumpPacket|   key: SITE_NUMBER is: java.lang.Integer 1
200610 190057.592|INFO|Thread-31|info|handlePacket start Packet[CLOCK_STARTED] #2579 SERVER0 @ site 1 -> SERVER0 @ site 0
200610 190057.592|INFO|Thread-31|dumpPacket|Packet CLOCK_STARTED (Seq #2579, o#2579 ) handlePacket
200610 190057.592|INFO|Thread-31|dumpPacket|  From: SERVER0 @ site 1, oSERVER0 @ site 1 (CNTT1-CNPM @ 10.170.100.147) (Contest Id: Default-4356663172451421221)
200610 190057.592|INFO|Thread-31|dumpPacket|    To: SERVER0 @ site 0
200610 190057.592|INFO|Thread-31|dumpPacket|   key: CLIENT_ID is: edu.csus.ecs.pc2.core.model.ClientId ADMINISTRATOR1 @ site 1
200610 190057.592|INFO|Thread-31|dumpPacket|   key: SERVER_CLOCK_OFFSET is: java.util.GregorianCalendar java.util.GregorianCalendar[time=1591790457576,areFieldsSet=true,areAllFieldsSet=false,lenient=true,zone=sun.util.calendar.ZoneInfo[id="GMT",offset=0,dstSavings=0,useDaylight=false,transitions=0,lastRule=null],firstDayOfWeek=1,minimalDaysInFirstWeek=1,ERA=1,YEAR=2020,MONTH=5,WEEK_OF_YEAR=24,WEEK_OF_MONTH=2,DAY_OF_MONTH=10,DAY_OF_YEAR=162,DAY_OF_WEEK=4,DAY_OF_WEEK_IN_MONTH=2,AM_PM=1,HOUR=0,HOUR_OF_DAY=12,MINUTE=0,SECOND=57,MILLISECOND=576,ZONE_OFFSET=0,DST_OFFSET=0]
200610 190057.592|INFO|Thread-31|dumpPacket|   key: SITE_NUMBER is: java.lang.Integer 1
200610 190057.593|INFO|Thread-31|info|Clock for site 1 started by ADMINISTRATOR1 @ site 1 elapsed 1:00:04
200610 190057.593|INFO|Thread-31|info| receiveObject(S) end   got Packet[CLOCK_STARTED] #2579 SERVER0 @ site 1 -> SERVER0 @ site 0
200610 191405.012|INFO|AWT-EventQueue-0|testOrSubmitRun|submitRun for KIEM TRA - BAI 5 C/C++ file: C:\Users\Admin\Desktop\CTDL_GT_TS\Thuc Hanh\Buoi 2\5.cpp
200610 191405.014|INFO|AWT-EventQueue-0|sendToLocalServer|Sending packet to server Packet[RUN_SUBMISSION] #8 TEAM130 @ site 1 -> SERVER0 @ site 1
200610 191405.014|INFO|AWT-EventQueue-0|sendToLocalServer|Sent    packet to server Packet[RUN_SUBMISSION] #8 TEAM130 @ site 1 -> SERVER0 @ site 1
200610 191405.151|INFO|Thread-33|info| receiveObject(S) start got Packet[RUN_SUBMISSION_CONFIRM] #3128 SERVER0 @ site 1 -> TEAM130 @ site 1
200610 191405.151|INFO|Thread-33|dumpPacket|Packet RUN_SUBMISSION_CONFIRM (Seq #3128, o#3128 ) recieveObject
200610 191405.151|INFO|Thread-33|dumpPacket|  From: SERVER0 @ site 1, oSERVER0 @ site 1 (CNTT1-CNPM @ 10.170.100.147) (Contest Id: Default-4356663172451421221)
200610 191405.151|INFO|Thread-33|dumpPacket|    To: TEAM130 @ site 1
200610 191405.151|INFO|Thread-33|dumpPacket|   key: RUN is: edu.csus.ecs.pc2.core.model.Run Run 305 QUEUED_FOR_COMPUTER_JUDGEMENT 73 min 4391765ms from TEAM130 @ site 1 id Run-3078581013721896252 problem KIEM_TRA_-_BAI_5--161566442110922070 lang C/C++-8920418238657793213
200610 191405.151|INFO|Thread-33|info|handlePacket start Packet[RUN_SUBMISSION_CONFIRM] #3128 SERVER0 @ site 1 -> TEAM130 @ site 1
200610 191405.151|INFO|Thread-33|dumpPacket|Packet RUN_SUBMISSION_CONFIRM (Seq #3128, o#3128 ) handlePacket
200610 191405.151|INFO|Thread-33|dumpPacket|  From: SERVER0 @ site 1, oSERVER0 @ site 1 (CNTT1-CNPM @ 10.170.100.147) (Contest Id: Default-4356663172451421221)
200610 191405.151|INFO|Thread-33|dumpPacket|    To: TEAM130 @ site 1
200610 191405.151|INFO|Thread-33|dumpPacket|   key: RUN is: edu.csus.ecs.pc2.core.model.Run Run 305 QUEUED_FOR_COMPUTER_JUDGEMENT 73 min 4391765ms from TEAM130 @ site 1 id Run-3078581013721896252 problem KIEM_TRA_-_BAI_5--161566442110922070 lang C/C++-8920418238657793213
200610 191408.605|INFO|Thread-34|info| receiveObject(S) start got Packet[RUN_JUDGEMENT] #3136 SERVER0 @ site 1 -> TEAM130 @ site 1
200610 191408.605|INFO|Thread-34|dumpPacket|Packet RUN_JUDGEMENT (Seq #3136, o#3136 ) recieveObject
200610 191408.605|INFO|Thread-34|dumpPacket|  From: SERVER0 @ site 1, oSERVER0 @ site 1 (CNTT1-CNPM @ 10.170.100.147) (Contest Id: Default-4356663172451421221)
200610 191408.605|INFO|Thread-34|dumpPacket|    To: TEAM130 @ site 1
200610 191408.605|INFO|Thread-34|dumpPacket|   key: JUDGEMENT_RECORD is: edu.csus.ecs.pc2.core.model.JudgementRecord No by JUDGE1 @ site 1 judgement No_-_Wrong_Answer-5771467716912978813 id JudgementRecord-3704150498096378446
200610 191408.605|INFO|Thread-34|dumpPacket|   key: CLIENT_ID is: edu.csus.ecs.pc2.core.model.ClientId SERVER0 @ site 1
200610 191408.605|INFO|Thread-34|dumpPacket|   key: RUN is: edu.csus.ecs.pc2.core.model.Run Run 305 JUDGED 73 min 4391765ms from TEAM130 @ site 1 id Run-3078581013721896252 problem KIEM_TRA_-_BAI_5--161566442110922070 lang C/C++-8920418238657793213
200610 191408.605|INFO|Thread-34|info|handlePacket start Packet[RUN_JUDGEMENT] #3136 SERVER0 @ site 1 -> TEAM130 @ site 1
200610 191408.605|INFO|Thread-34|dumpPacket|Packet RUN_JUDGEMENT (Seq #3136, o#3136 ) handlePacket
200610 191408.605|INFO|Thread-34|dumpPacket|  From: SERVER0 @ site 1, oSERVER0 @ site 1 (CNTT1-CNPM @ 10.170.100.147) (Contest Id: Default-4356663172451421221)
200610 191408.605|INFO|Thread-34|dumpPacket|    To: TEAM130 @ site 1
200610 191408.605|INFO|Thread-34|dumpPacket|   key: JUDGEMENT_RECORD is: edu.csus.ecs.pc2.core.model.JudgementRecord No by JUDGE1 @ site 1 judgement No_-_Wrong_Answer-5771467716912978813 id JudgementRecord-3704150498096378446
200610 191408.605|INFO|Thread-34|dumpPacket|   key: CLIENT_ID is: edu.csus.ecs.pc2.core.model.ClientId SERVER0 @ site 1
200610 191408.605|INFO|Thread-34|dumpPacket|   key: RUN is: edu.csus.ecs.pc2.core.model.Run Run 305 JUDGED 73 min 4391765ms from TEAM130 @ site 1 id Run-3078581013721896252 problem KIEM_TRA_-_BAI_5--161566442110922070 lang C/C++-8920418238657793213
200610 191408.630|INFO|Thread-33|info| receiveObject(S) end   got Packet[RUN_SUBMISSION_CONFIRM] #3128 SERVER0 @ site 1 -> TEAM130 @ site 1
200610 191409.484|INFO|Thread-34|runChanged|RunsPane.RunListener: Action=CHANGED; DetailedAction=null; msg=null; run=Run 305 JUDGED 73 min 4391765ms from TEAM130 @ site 1 id Run-3078581013721896252 problem KIEM_TRA_-_BAI_5--161566442110922070 lang C/C++-8920418238657793213; runFiles=null
200610 191409.484|INFO|Thread-34|runChanged|Event not for me: sent to null but my ID is TEAM130 @ site 1
200610 191409.484|INFO|Thread-34|info| receiveObject(S) end   got Packet[RUN_JUDGEMENT] #3136 SERVER0 @ site 1 -> TEAM130 @ site 1
200610 191603.477|INFO|AWT-EventQueue-0|testOrSubmitRun|submitRun for KIEM TRA - BAI 5 C/C++ file: C:\Users\Admin\Desktop\CTDL_GT_TS\Thuc Hanh\Buoi 2\5.cpp
200610 191603.478|INFO|AWT-EventQueue-0|sendToLocalServer|Sending packet to server Packet[RUN_SUBMISSION] #9 TEAM130 @ site 1 -> SERVER0 @ site 1
200610 191603.478|INFO|AWT-EventQueue-0|sendToLocalServer|Sent    packet to server Packet[RUN_SUBMISSION] #9 TEAM130 @ site 1 -> SERVER0 @ site 1
200610 191603.668|INFO|Thread-36|info| receiveObject(S) start got Packet[RUN_SUBMISSION_CONFIRM] #3269 SERVER0 @ site 1 -> TEAM130 @ site 1
200610 191603.668|INFO|Thread-36|dumpPacket|Packet RUN_SUBMISSION_CONFIRM (Seq #3269, o#3269 ) recieveObject
200610 191603.668|INFO|Thread-36|dumpPacket|  From: SERVER0 @ site 1, oSERVER0 @ site 1 (CNTT1-CNPM @ 10.170.100.147) (Contest Id: Default-4356663172451421221)
200610 191603.668|INFO|Thread-36|dumpPacket|    To: TEAM130 @ site 1
200610 191603.668|INFO|Thread-36|dumpPacket|   key: RUN is: edu.csus.ecs.pc2.core.model.Run Run 325 QUEUED_FOR_COMPUTER_JUDGEMENT 75 min 4510231ms from TEAM130 @ site 1 id Run--7732399233194500199 problem KIEM_TRA_-_BAI_5--161566442110922070 lang C/C++-8920418238657793213
200610 191603.668|INFO|Thread-36|info|handlePacket start Packet[RUN_SUBMISSION_CONFIRM] #3269 SERVER0 @ site 1 -> TEAM130 @ site 1
200610 191603.668|INFO|Thread-36|dumpPacket|Packet RUN_SUBMISSION_CONFIRM (Seq #3269, o#3269 ) handlePacket
200610 191603.668|INFO|Thread-36|dumpPacket|  From: SERVER0 @ site 1, oSERVER0 @ site 1 (CNTT1-CNPM @ 10.170.100.147) (Contest Id: Default-4356663172451421221)
200610 191603.668|INFO|Thread-36|dumpPacket|    To: TEAM130 @ site 1
200610 191603.668|INFO|Thread-36|dumpPacket|   key: RUN is: edu.csus.ecs.pc2.core.model.Run Run 325 QUEUED_FOR_COMPUTER_JUDGEMENT 75 min 4510231ms from TEAM130 @ site 1 id Run--7732399233194500199 problem KIEM_TRA_-_BAI_5--161566442110922070 lang C/C++-8920418238657793213
200610 191604.277|INFO|Thread-36|info| receiveObject(S) end   got Packet[RUN_SUBMISSION_CONFIRM] #3269 SERVER0 @ site 1 -> TEAM130 @ site 1
200610 191613.931|INFO|Thread-37|info| receiveObject(S) start got Packet[RUN_JUDGEMENT] #3280 SERVER0 @ site 1 -> TEAM130 @ site 1
200610 191613.931|INFO|Thread-37|dumpPacket|Packet RUN_JUDGEMENT (Seq #3280, o#3280 ) recieveObject
200610 191613.931|INFO|Thread-37|dumpPacket|  From: SERVER0 @ site 1, oSERVER0 @ site 1 (CNTT1-CNPM @ 10.170.100.147) (Contest Id: Default-4356663172451421221)
200610 191613.931|INFO|Thread-37|dumpPacket|    To: TEAM130 @ site 1
200610 191613.931|INFO|Thread-37|dumpPacket|   key: JUDGEMENT_RECORD is: edu.csus.ecs.pc2.core.model.JudgementRecord No by JUDGE1 @ site 1 judgement No_-_Time_Limit_Exceeded--5167944170633172452 id JudgementRecord-4953773721583062509
200610 191613.931|INFO|Thread-37|dumpPacket|   key: CLIENT_ID is: edu.csus.ecs.pc2.core.model.ClientId SERVER0 @ site 1
200610 191613.931|INFO|Thread-37|dumpPacket|   key: RUN is: edu.csus.ecs.pc2.core.model.Run Run 325 JUDGED 75 min 4510231ms from TEAM130 @ site 1 id Run--7732399233194500199 problem KIEM_TRA_-_BAI_5--161566442110922070 lang C/C++-8920418238657793213
200610 191613.931|INFO|Thread-37|info|handlePacket start Packet[RUN_JUDGEMENT] #3280 SERVER0 @ site 1 -> TEAM130 @ site 1
200610 191613.931|INFO|Thread-37|dumpPacket|Packet RUN_JUDGEMENT (Seq #3280, o#3280 ) handlePacket
200610 191613.931|INFO|Thread-37|dumpPacket|  From: SERVER0 @ site 1, oSERVER0 @ site 1 (CNTT1-CNPM @ 10.170.100.147) (Contest Id: Default-4356663172451421221)
200610 191613.931|INFO|Thread-37|dumpPacket|    To: TEAM130 @ site 1
200610 191613.931|INFO|Thread-37|dumpPacket|   key: JUDGEMENT_RECORD is: edu.csus.ecs.pc2.core.model.JudgementRecord No by JUDGE1 @ site 1 judgement No_-_Time_Limit_Exceeded--5167944170633172452 id JudgementRecord-4953773721583062509
200610 191613.931|INFO|Thread-37|dumpPacket|   key: CLIENT_ID is: edu.csus.ecs.pc2.core.model.ClientId SERVER0 @ site 1
200610 191613.931|INFO|Thread-37|dumpPacket|   key: RUN is: edu.csus.ecs.pc2.core.model.Run Run 325 JUDGED 75 min 4510231ms from TEAM130 @ site 1 id Run--7732399233194500199 problem KIEM_TRA_-_BAI_5--161566442110922070 lang C/C++-8920418238657793213
200610 191616.916|INFO|Thread-37|runChanged|RunsPane.RunListener: Action=CHANGED; DetailedAction=null; msg=null; run=Run 325 JUDGED 75 min 4510231ms from TEAM130 @ site 1 id Run--7732399233194500199 problem KIEM_TRA_-_BAI_5--161566442110922070 lang C/C++-8920418238657793213; runFiles=null
200610 191616.916|INFO|Thread-37|runChanged|Event not for me: sent to null but my ID is TEAM130 @ site 1
200610 191616.916|INFO|Thread-37|info| receiveObject(S) end   got Packet[RUN_JUDGEMENT] #3280 SERVER0 @ site 1 -> TEAM130 @ site 1
200610 191741.860|INFO|AWT-EventQueue-0|testOrSubmitRun|submitRun for KIEM TRA - BAI 5 C/C++ file: C:\Users\Admin\Desktop\CTDL_GT_TS\Thuc Hanh\Buoi 2\5.cpp
200610 191741.861|INFO|AWT-EventQueue-0|sendToLocalServer|Sending packet to server Packet[RUN_SUBMISSION] #10 TEAM130 @ site 1 -> SERVER0 @ site 1
200610 191741.861|INFO|AWT-EventQueue-0|sendToLocalServer|Sent    packet to server Packet[RUN_SUBMISSION] #10 TEAM130 @ site 1 -> SERVER0 @ site 1
200610 191742.032|INFO|Thread-39|info| receiveObject(S) start got Packet[RUN_SUBMISSION_CONFIRM] #3352 SERVER0 @ site 1 -> TEAM130 @ site 1
200610 191742.032|INFO|Thread-39|dumpPacket|Packet RUN_SUBMISSION_CONFIRM (Seq #3352, o#3352 ) recieveObject
200610 191742.032|INFO|Thread-39|dumpPacket|  From: SERVER0 @ site 1, oSERVER0 @ site 1 (CNTT1-CNPM @ 10.170.100.147) (Contest Id: Default-4356663172451421221)
200610 191742.032|INFO|Thread-39|dumpPacket|    To: TEAM130 @ site 1
200610 191742.032|INFO|Thread-39|dumpPacket|   key: RUN is: edu.csus.ecs.pc2.core.model.Run Run 337 QUEUED_FOR_COMPUTER_JUDGEMENT 76 min 4608643ms from TEAM130 @ site 1 id Run-3304804014068685902 problem KIEM_TRA_-_BAI_5--161566442110922070 lang C/C++-8920418238657793213
200610 191742.032|INFO|Thread-39|info|handlePacket start Packet[RUN_SUBMISSION_CONFIRM] #3352 SERVER0 @ site 1 -> TEAM130 @ site 1
200610 191742.032|INFO|Thread-39|dumpPacket|Packet RUN_SUBMISSION_CONFIRM (Seq #3352, o#3352 ) handlePacket
200610 191742.032|INFO|Thread-39|dumpPacket|  From: SERVER0 @ site 1, oSERVER0 @ site 1 (CNTT1-CNPM @ 10.170.100.147) (Contest Id: Default-4356663172451421221)
200610 191742.032|INFO|Thread-39|dumpPacket|    To: TEAM130 @ site 1
200610 191742.032|INFO|Thread-39|dumpPacket|   key: RUN is: edu.csus.ecs.pc2.core.model.Run Run 337 QUEUED_FOR_COMPUTER_JUDGEMENT 76 min 4608643ms from TEAM130 @ site 1 id Run-3304804014068685902 problem KIEM_TRA_-_BAI_5--161566442110922070 lang C/C++-8920418238657793213
200610 191742.861|INFO|Thread-39|info| receiveObject(S) end   got Packet[RUN_SUBMISSION_CONFIRM] #3352 SERVER0 @ site 1 -> TEAM130 @ site 1
200610 191744.233|INFO|Thread-40|info| receiveObject(S) start got Packet[RUN_JUDGEMENT] #3360 SERVER0 @ site 1 -> TEAM130 @ site 1
200610 191744.233|INFO|Thread-40|dumpPacket|Packet RUN_JUDGEMENT (Seq #3360, o#3360 ) recieveObject
200610 191744.233|INFO|Thread-40|dumpPacket|  From: SERVER0 @ site 1, oSERVER0 @ site 1 (CNTT1-CNPM @ 10.170.100.147) (Contest Id: Default-4356663172451421221)
200610 191744.234|INFO|Thread-40|dumpPacket|    To: TEAM130 @ site 1
200610 191744.234|INFO|Thread-40|dumpPacket|   key: JUDGEMENT_RECORD is: edu.csus.ecs.pc2.core.model.JudgementRecord No by JUDGE1 @ site 1 judgement No_-_Wrong_Answer-5771467716912978813 id JudgementRecord-216948764019689096
200610 191744.234|INFO|Thread-40|dumpPacket|   key: CLIENT_ID is: edu.csus.ecs.pc2.core.model.ClientId SERVER0 @ site 1
200610 191744.234|INFO|Thread-40|dumpPacket|   key: RUN is: edu.csus.ecs.pc2.core.model.Run Run 337 JUDGED 76 min 4608643ms from TEAM130 @ site 1 id Run-3304804014068685902 problem KIEM_TRA_-_BAI_5--161566442110922070 lang C/C++-8920418238657793213
200610 191744.234|INFO|Thread-40|info|handlePacket start Packet[RUN_JUDGEMENT] #3360 SERVER0 @ site 1 -> TEAM130 @ site 1
200610 191744.234|INFO|Thread-40|dumpPacket|Packet RUN_JUDGEMENT (Seq #3360, o#3360 ) handlePacket
200610 191744.234|INFO|Thread-40|dumpPacket|  From: SERVER0 @ site 1, oSERVER0 @ site 1 (CNTT1-CNPM @ 10.170.100.147) (Contest Id: Default-4356663172451421221)
200610 191744.234|INFO|Thread-40|dumpPacket|    To: TEAM130 @ site 1
200610 191744.234|INFO|Thread-40|dumpPacket|   key: JUDGEMENT_RECORD is: edu.csus.ecs.pc2.core.model.JudgementRecord No by JUDGE1 @ site 1 judgement No_-_Wrong_Answer-5771467716912978813 id JudgementRecord-216948764019689096
200610 191744.234|INFO|Thread-40|dumpPacket|   key: CLIENT_ID is: edu.csus.ecs.pc2.core.model.ClientId SERVER0 @ site 1
200610 191744.234|INFO|Thread-40|dumpPacket|   key: RUN is: edu.csus.ecs.pc2.core.model.Run Run 337 JUDGED 76 min 4608643ms from TEAM130 @ site 1 id Run-3304804014068685902 problem KIEM_TRA_-_BAI_5--161566442110922070 lang C/C++-8920418238657793213
200610 191745.300|INFO|Thread-40|runChanged|RunsPane.RunListener: Action=CHANGED; DetailedAction=null; msg=null; run=Run 337 JUDGED 76 min 4608643ms from TEAM130 @ site 1 id Run-3304804014068685902 problem KIEM_TRA_-_BAI_5--161566442110922070 lang C/C++-8920418238657793213; runFiles=null
200610 191745.300|INFO|Thread-40|runChanged|Event not for me: sent to null but my ID is TEAM130 @ site 1
200610 191745.300|INFO|Thread-40|info| receiveObject(S) end   got Packet[RUN_JUDGEMENT] #3360 SERVER0 @ site 1 -> TEAM130 @ site 1
200610 192016.668|INFO|AWT-EventQueue-0|testOrSubmitRun|submitRun for KIEM TRA - BAI 5 C/C++ file: C:\Users\Admin\Desktop\CTDL_GT_TS\Thuc Hanh\Buoi 2\5.cpp
200610 192016.669|INFO|AWT-EventQueue-0|sendToLocalServer|Sending packet to server Packet[RUN_SUBMISSION] #11 TEAM130 @ site 1 -> SERVER0 @ site 1
200610 192016.669|INFO|AWT-EventQueue-0|sendToLocalServer|Sent    packet to server Packet[RUN_SUBMISSION] #11 TEAM130 @ site 1 -> SERVER0 @ site 1
200610 192016.805|INFO|Thread-42|info| receiveObject(S) start got Packet[RUN_SUBMISSION_CONFIRM] #3517 SERVER0 @ site 1 -> TEAM130 @ site 1
200610 192016.805|INFO|Thread-42|dumpPacket|Packet RUN_SUBMISSION_CONFIRM (Seq #3517, o#3517 ) recieveObject
200610 192016.805|INFO|Thread-42|dumpPacket|  From: SERVER0 @ site 1, oSERVER0 @ site 1 (CNTT1-CNPM @ 10.170.100.147) (Contest Id: Default-4356663172451421221)
200610 192016.805|INFO|Thread-42|dumpPacket|    To: TEAM130 @ site 1
200610 192016.805|INFO|Thread-42|dumpPacket|   key: RUN is: edu.csus.ecs.pc2.core.model.Run Run 355 QUEUED_FOR_COMPUTER_JUDGEMENT 79 min 4763438ms from TEAM130 @ site 1 id Run--7601931351454426284 problem KIEM_TRA_-_BAI_5--161566442110922070 lang C/C++-8920418238657793213
200610 192016.805|INFO|Thread-42|info|handlePacket start Packet[RUN_SUBMISSION_CONFIRM] #3517 SERVER0 @ site 1 -> TEAM130 @ site 1
200610 192016.805|INFO|Thread-42|dumpPacket|Packet RUN_SUBMISSION_CONFIRM (Seq #3517, o#3517 ) handlePacket
200610 192016.805|INFO|Thread-42|dumpPacket|  From: SERVER0 @ site 1, oSERVER0 @ site 1 (CNTT1-CNPM @ 10.170.100.147) (Contest Id: Default-4356663172451421221)
200610 192016.805|INFO|Thread-42|dumpPacket|    To: TEAM130 @ site 1
200610 192016.805|INFO|Thread-42|dumpPacket|   key: RUN is: edu.csus.ecs.pc2.core.model.Run Run 355 QUEUED_FOR_COMPUTER_JUDGEMENT 79 min 4763438ms from TEAM130 @ site 1 id Run--7601931351454426284 problem KIEM_TRA_-_BAI_5--161566442110922070 lang C/C++-8920418238657793213
200610 192017.452|INFO|Thread-42|info| receiveObject(S) end   got Packet[RUN_SUBMISSION_CONFIRM] #3517 SERVER0 @ site 1 -> TEAM130 @ site 1
200610 192019.905|INFO|Thread-43|info| receiveObject(S) start got Packet[RUN_JUDGEMENT] #3523 SERVER0 @ site 1 -> TEAM130 @ site 1
200610 192019.905|INFO|Thread-43|dumpPacket|Packet RUN_JUDGEMENT (Seq #3523, o#3523 ) recieveObject
200610 192019.905|INFO|Thread-43|dumpPacket|  From: SERVER0 @ site 1, oSERVER0 @ site 1 (CNTT1-CNPM @ 10.170.100.147) (Contest Id: Default-4356663172451421221)
200610 192019.905|INFO|Thread-43|dumpPacket|    To: TEAM130 @ site 1
200610 192019.905|INFO|Thread-43|dumpPacket|   key: JUDGEMENT_RECORD is: edu.csus.ecs.pc2.core.model.JudgementRecord No by JUDGE1 @ site 1 judgement No_-_Wrong_Answer-5771467716912978813 id JudgementRecord--7530639037444621672
200610 192019.906|INFO|Thread-43|dumpPacket|   key: CLIENT_ID is: edu.csus.ecs.pc2.core.model.ClientId SERVER0 @ site 1
200610 192019.906|INFO|Thread-43|dumpPacket|   key: RUN is: edu.csus.ecs.pc2.core.model.Run Run 355 JUDGED 79 min 4763438ms from TEAM130 @ site 1 id Run--7601931351454426284 problem KIEM_TRA_-_BAI_5--161566442110922070 lang C/C++-8920418238657793213
200610 192019.906|INFO|Thread-43|info|handlePacket start Packet[RUN_JUDGEMENT] #3523 SERVER0 @ site 1 -> TEAM130 @ site 1
200610 192019.906|INFO|Thread-43|dumpPacket|Packet RUN_JUDGEMENT (Seq #3523, o#3523 ) handlePacket
200610 192019.906|INFO|Thread-43|dumpPacket|  From: SERVER0 @ site 1, oSERVER0 @ site 1 (CNTT1-CNPM @ 10.170.100.147) (Contest Id: Default-4356663172451421221)
200610 192019.906|INFO|Thread-43|dumpPacket|    To: TEAM130 @ site 1
200610 192019.906|INFO|Thread-43|dumpPacket|   key: JUDGEMENT_RECORD is: edu.csus.ecs.pc2.core.model.JudgementRecord No by JUDGE1 @ site 1 judgement No_-_Wrong_Answer-5771467716912978813 id JudgementRecord--7530639037444621672
200610 192019.906|INFO|Thread-43|dumpPacket|   key: CLIENT_ID is: edu.csus.ecs.pc2.core.model.ClientId SERVER0 @ site 1
200610 192019.906|INFO|Thread-43|dumpPacket|   key: RUN is: edu.csus.ecs.pc2.core.model.Run Run 355 JUDGED 79 min 4763438ms from TEAM130 @ site 1 id Run--7601931351454426284 problem KIEM_TRA_-_BAI_5--161566442110922070 lang C/C++-8920418238657793213
200610 192020.765|INFO|Thread-43|runChanged|RunsPane.RunListener: Action=CHANGED; DetailedAction=null; msg=null; run=Run 355 JUDGED 79 min 4763438ms from TEAM130 @ site 1 id Run--7601931351454426284 problem KIEM_TRA_-_BAI_5--161566442110922070 lang C/C++-8920418238657793213; runFiles=null
200610 192020.765|INFO|Thread-43|runChanged|Event not for me: sent to null but my ID is TEAM130 @ site 1
200610 192020.765|INFO|Thread-43|info| receiveObject(S) end   got Packet[RUN_JUDGEMENT] #3523 SERVER0 @ site 1 -> TEAM130 @ site 1
200610 194138.363|INFO|AWT-EventQueue-0|testOrSubmitRun|submitRun for KIEM TRA - BAI 5 C/C++ file: C:\Users\Admin\Desktop\CTDL_GT_TS\Thuc Hanh\Buoi 2\5.cpp
200610 194138.364|INFO|AWT-EventQueue-0|sendToLocalServer|Sending packet to server Packet[RUN_SUBMISSION] #12 TEAM130 @ site 1 -> SERVER0 @ site 1
200610 194138.364|INFO|AWT-EventQueue-0|sendToLocalServer|Sent    packet to server Packet[RUN_SUBMISSION] #12 TEAM130 @ site 1 -> SERVER0 @ site 1
200610 194138.531|INFO|Thread-45|info| receiveObject(S) start got Packet[RUN_SUBMISSION_CONFIRM] #4701 SERVER0 @ site 1 -> TEAM130 @ site 1
200610 194138.531|INFO|Thread-45|dumpPacket|Packet RUN_SUBMISSION_CONFIRM (Seq #4701, o#4701 ) recieveObject
200610 194138.531|INFO|Thread-45|dumpPacket|  From: SERVER0 @ site 1, oSERVER0 @ site 1 (CNTT1-CNPM @ 10.170.100.147) (Contest Id: Default-4356663172451421221)
200610 194138.531|INFO|Thread-45|dumpPacket|    To: TEAM130 @ site 1
200610 194138.531|INFO|Thread-45|dumpPacket|   key: RUN is: edu.csus.ecs.pc2.core.model.Run Run 506 QUEUED_FOR_COMPUTER_JUDGEMENT 100 min 6045132ms from TEAM130 @ site 1 id Run-7589645648709515031 problem KIEM_TRA_-_BAI_5--161566442110922070 lang C/C++-8920418238657793213
200610 194138.531|INFO|Thread-45|info|handlePacket start Packet[RUN_SUBMISSION_CONFIRM] #4701 SERVER0 @ site 1 -> TEAM130 @ site 1
200610 194138.531|INFO|Thread-45|dumpPacket|Packet RUN_SUBMISSION_CONFIRM (Seq #4701, o#4701 ) handlePacket
200610 194138.531|INFO|Thread-45|dumpPacket|  From: SERVER0 @ site 1, oSERVER0 @ site 1 (CNTT1-CNPM @ 10.170.100.147) (Contest Id: Default-4356663172451421221)
200610 194138.531|INFO|Thread-45|dumpPacket|    To: TEAM130 @ site 1
200610 194138.531|INFO|Thread-45|dumpPacket|   key: RUN is: edu.csus.ecs.pc2.core.model.Run Run 506 QUEUED_FOR_COMPUTER_JUDGEMENT 100 min 6045132ms from TEAM130 @ site 1 id Run-7589645648709515031 problem KIEM_TRA_-_BAI_5--161566442110922070 lang C/C++-8920418238657793213
200610 194139.405|INFO|Thread-45|info| receiveObject(S) end   got Packet[RUN_SUBMISSION_CONFIRM] #4701 SERVER0 @ site 1 -> TEAM130 @ site 1
200610 194141.469|INFO|Thread-46|info| receiveObject(S) start got Packet[RUN_JUDGEMENT] #4705 SERVER0 @ site 1 -> TEAM130 @ site 1
200610 194141.469|INFO|Thread-46|dumpPacket|Packet RUN_JUDGEMENT (Seq #4705, o#4705 ) recieveObject
200610 194141.469|INFO|Thread-46|dumpPacket|  From: SERVER0 @ site 1, oSERVER0 @ site 1 (CNTT1-CNPM @ 10.170.100.147) (Contest Id: Default-4356663172451421221)
200610 194141.469|INFO|Thread-46|dumpPacket|    To: TEAM130 @ site 1
200610 194141.469|INFO|Thread-46|dumpPacket|   key: JUDGEMENT_RECORD is: edu.csus.ecs.pc2.core.model.JudgementRecord No by JUDGE1 @ site 1 judgement No_-_Wrong_Answer-5771467716912978813 id JudgementRecord--8029084825077771551
200610 194141.469|INFO|Thread-46|dumpPacket|   key: CLIENT_ID is: edu.csus.ecs.pc2.core.model.ClientId SERVER0 @ site 1
200610 194141.469|INFO|Thread-46|dumpPacket|   key: RUN is: edu.csus.ecs.pc2.core.model.Run Run 506 JUDGED 100 min 6045132ms from TEAM130 @ site 1 id Run-7589645648709515031 problem KIEM_TRA_-_BAI_5--161566442110922070 lang C/C++-8920418238657793213
200610 194141.469|INFO|Thread-46|info|handlePacket start Packet[RUN_JUDGEMENT] #4705 SERVER0 @ site 1 -> TEAM130 @ site 1
200610 194141.469|INFO|Thread-46|dumpPacket|Packet RUN_JUDGEMENT (Seq #4705, o#4705 ) handlePacket
200610 194141.469|INFO|Thread-46|dumpPacket|  From: SERVER0 @ site 1, oSERVER0 @ site 1 (CNTT1-CNPM @ 10.170.100.147) (Contest Id: Default-4356663172451421221)
200610 194141.469|INFO|Thread-46|dumpPacket|    To: TEAM130 @ site 1
200610 194141.469|INFO|Thread-46|dumpPacket|   key: JUDGEMENT_RECORD is: edu.csus.ecs.pc2.core.model.JudgementRecord No by JUDGE1 @ site 1 judgement No_-_Wrong_Answer-5771467716912978813 id JudgementRecord--8029084825077771551
200610 194141.469|INFO|Thread-46|dumpPacket|   key: CLIENT_ID is: edu.csus.ecs.pc2.core.model.ClientId SERVER0 @ site 1
200610 194141.469|INFO|Thread-46|dumpPacket|   key: RUN is: edu.csus.ecs.pc2.core.model.Run Run 506 JUDGED 100 min 6045132ms from TEAM130 @ site 1 id Run-7589645648709515031 problem KIEM_TRA_-_BAI_5--161566442110922070 lang C/C++-8920418238657793213
200610 194142.219|INFO|Thread-46|runChanged|RunsPane.RunListener: Action=CHANGED; DetailedAction=null; msg=null; run=Run 506 JUDGED 100 min 6045132ms from TEAM130 @ site 1 id Run-7589645648709515031 problem KIEM_TRA_-_BAI_5--161566442110922070 lang C/C++-8920418238657793213; runFiles=null
200610 194142.219|INFO|Thread-46|runChanged|Event not for me: sent to null but my ID is TEAM130 @ site 1
200610 194142.219|INFO|Thread-46|info| receiveObject(S) end   got Packet[RUN_JUDGEMENT] #4705 SERVER0 @ site 1 -> TEAM130 @ site 1
200610 195019.170|INFO|AWT-EventQueue-0|testOrSubmitRun|submitRun for KIEM TRA - BAI 5 C/C++ file: C:\Users\Admin\Desktop\CTDL_GT_TS\Thuc Hanh\Buoi 2\5.cpp
200610 195019.170|INFO|AWT-EventQueue-0|sendToLocalServer|Sending packet to server Packet[RUN_SUBMISSION] #13 TEAM130 @ site 1 -> SERVER0 @ site 1
200610 195019.171|INFO|AWT-EventQueue-0|sendToLocalServer|Sent    packet to server Packet[RUN_SUBMISSION] #13 TEAM130 @ site 1 -> SERVER0 @ site 1
200610 195019.334|INFO|Thread-48|info| receiveObject(S) start got Packet[RUN_SUBMISSION_CONFIRM] #5089 SERVER0 @ site 1 -> TEAM130 @ site 1
200610 195019.334|INFO|Thread-48|dumpPacket|Packet RUN_SUBMISSION_CONFIRM (Seq #5089, o#5089 ) recieveObject
200610 195019.334|INFO|Thread-48|dumpPacket|  From: SERVER0 @ site 1, oSERVER0 @ site 1 (CNTT1-CNPM @ 10.170.100.147) (Contest Id: Default-4356663172451421221)
200610 195019.334|INFO|Thread-48|dumpPacket|    To: TEAM130 @ site 1
200610 195019.334|INFO|Thread-48|dumpPacket|   key: RUN is: edu.csus.ecs.pc2.core.model.Run Run 557 QUEUED_FOR_COMPUTER_JUDGEMENT 109 min 6565943ms from TEAM130 @ site 1 id Run--5071392802779779336 problem KIEM_TRA_-_BAI_5--161566442110922070 lang C/C++-8920418238657793213
200610 195019.334|INFO|Thread-48|info|handlePacket start Packet[RUN_SUBMISSION_CONFIRM] #5089 SERVER0 @ site 1 -> TEAM130 @ site 1
200610 195019.334|INFO|Thread-48|dumpPacket|Packet RUN_SUBMISSION_CONFIRM (Seq #5089, o#5089 ) handlePacket
200610 195019.334|INFO|Thread-48|dumpPacket|  From: SERVER0 @ site 1, oSERVER0 @ site 1 (CNTT1-CNPM @ 10.170.100.147) (Contest Id: Default-4356663172451421221)
200610 195019.335|INFO|Thread-48|dumpPacket|    To: TEAM130 @ site 1
200610 195019.335|INFO|Thread-48|dumpPacket|   key: RUN is: edu.csus.ecs.pc2.core.model.Run Run 557 QUEUED_FOR_COMPUTER_JUDGEMENT 109 min 6565943ms from TEAM130 @ site 1 id Run--5071392802779779336 problem KIEM_TRA_-_BAI_5--161566442110922070 lang C/C++-8920418238657793213
200610 195020.316|INFO|Thread-48|info| receiveObject(S) end   got Packet[RUN_SUBMISSION_CONFIRM] #5089 SERVER0 @ site 1 -> TEAM130 @ site 1
200610 195021.621|INFO|Thread-49|info| receiveObject(S) start got Packet[RUN_JUDGEMENT] #5093 SERVER0 @ site 1 -> TEAM130 @ site 1
200610 195021.621|INFO|Thread-49|dumpPacket|Packet RUN_JUDGEMENT (Seq #5093, o#5093 ) recieveObject
200610 195021.621|INFO|Thread-49|dumpPacket|  From: SERVER0 @ site 1, oSERVER0 @ site 1 (CNTT1-CNPM @ 10.170.100.147) (Contest Id: Default-4356663172451421221)
200610 195021.621|INFO|Thread-49|dumpPacket|    To: TEAM130 @ site 1
200610 195021.621|INFO|Thread-49|dumpPacket|   key: JUDGEMENT_RECORD is: edu.csus.ecs.pc2.core.model.JudgementRecord No by JUDGE1 @ site 1 judgement No_-_Wrong_Answer-5771467716912978813 id JudgementRecord--8682538470274188943
200610 195021.621|INFO|Thread-49|dumpPacket|   key: CLIENT_ID is: edu.csus.ecs.pc2.core.model.ClientId SERVER0 @ site 1
200610 195021.621|INFO|Thread-49|dumpPacket|   key: RUN is: edu.csus.ecs.pc2.core.model.Run Run 557 JUDGED 109 min 6565943ms from TEAM130 @ site 1 id Run--5071392802779779336 problem KIEM_TRA_-_BAI_5--161566442110922070 lang C/C++-8920418238657793213
200610 195021.621|INFO|Thread-49|info|handlePacket start Packet[RUN_JUDGEMENT] #5093 SERVER0 @ site 1 -> TEAM130 @ site 1
200610 195021.621|INFO|Thread-49|dumpPacket|Packet RUN_JUDGEMENT (Seq #5093, o#5093 ) handlePacket
200610 195021.621|INFO|Thread-49|dumpPacket|  From: SERVER0 @ site 1, oSERVER0 @ site 1 (CNTT1-CNPM @ 10.170.100.147) (Contest Id: Default-4356663172451421221)
200610 195021.621|INFO|Thread-49|dumpPacket|    To: TEAM130 @ site 1
200610 195021.621|INFO|Thread-49|dumpPacket|   key: JUDGEMENT_RECORD is: edu.csus.ecs.pc2.core.model.JudgementRecord No by JUDGE1 @ site 1 judgement No_-_Wrong_Answer-5771467716912978813 id JudgementRecord--8682538470274188943
200610 195021.621|INFO|Thread-49|dumpPacket|   key: CLIENT_ID is: edu.csus.ecs.pc2.core.model.ClientId SERVER0 @ site 1
200610 195021.621|INFO|Thread-49|dumpPacket|   key: RUN is: edu.csus.ecs.pc2.core.model.Run Run 557 JUDGED 109 min 6565943ms from TEAM130 @ site 1 id Run--5071392802779779336 problem KIEM_TRA_-_BAI_5--161566442110922070 lang C/C++-8920418238657793213
200610 195022.627|INFO|Thread-49|runChanged|RunsPane.RunListener: Action=CHANGED; DetailedAction=null; msg=null; run=Run 557 JUDGED 109 min 6565943ms from TEAM130 @ site 1 id Run--5071392802779779336 problem KIEM_TRA_-_BAI_5--161566442110922070 lang C/C++-8920418238657793213; runFiles=null
200610 195022.627|INFO|Thread-49|runChanged|Event not for me: sent to null but my ID is TEAM130 @ site 1
200610 195022.627|INFO|Thread-49|info| receiveObject(S) end   got Packet[RUN_JUDGEMENT] #5093 SERVER0 @ site 1 -> TEAM130 @ site 1
200610 200054.487|INFO|Thread-50|info| receiveObject(S) start got Packet[CLOCK_STOPPED] #5797 SERVER0 @ site 1 -> SERVER0 @ site 0
200610 200054.487|INFO|Thread-50|dumpPacket|Packet CLOCK_STOPPED (Seq #5797, o#5797 ) recieveObject
200610 200054.487|INFO|Thread-50|dumpPacket|  From: SERVER0 @ site 1, oSERVER0 @ site 1 (CNTT1-CNPM @ 10.170.100.147) (Contest Id: Default-4356663172451421221)
200610 200054.487|INFO|Thread-50|dumpPacket|    To: SERVER0 @ site 0
200610 200054.487|INFO|Thread-50|dumpPacket|   key: CLIENT_ID is: edu.csus.ecs.pc2.core.model.ClientId SERVER0 @ site 1
200610 200054.487|INFO|Thread-50|dumpPacket|   key: SITE_NUMBER is: java.lang.Integer 1
200610 200054.487|INFO|Thread-50|info|handlePacket start Packet[CLOCK_STOPPED] #5797 SERVER0 @ site 1 -> SERVER0 @ site 0
200610 200054.487|INFO|Thread-50|dumpPacket|Packet CLOCK_STOPPED (Seq #5797, o#5797 ) handlePacket
200610 200054.487|INFO|Thread-50|dumpPacket|  From: SERVER0 @ site 1, oSERVER0 @ site 1 (CNTT1-CNPM @ 10.170.100.147) (Contest Id: Default-4356663172451421221)
200610 200054.487|INFO|Thread-50|dumpPacket|    To: SERVER0 @ site 0
200610 200054.487|INFO|Thread-50|dumpPacket|   key: CLIENT_ID is: edu.csus.ecs.pc2.core.model.ClientId SERVER0 @ site 1
200610 200054.487|INFO|Thread-50|dumpPacket|   key: SITE_NUMBER is: java.lang.Integer 1
200610 200054.489|INFO|Thread-50|info|Clock for site 1 stopped by SERVER0 @ site 1 elapsed 2:00:00
200610 200054.489|INFO|Thread-50|info| receiveObject(S) end   got Packet[CLOCK_STOPPED] #5797 SERVER0 @ site 1 -> SERVER0 @ site 0
