200610 180338.899|CONFIG|AWT-EventQueue-0|setFileHandlers|Now logging to C:\Users\Admin\Desktop\CTDL_GT_TS\Thuc Hanh\Buoi 2\pc2Client\pc2Client\bin\logs directory.
200610 180338.900|INFO|AWT-EventQueue-0|info|
200610 180338.900|INFO|AWT-EventQueue-0|info|Version 9.6.0 20190102 (Wednesday, January 2nd 2019 01:20 UTC) Java ver 1.8.0_201 build 5102 Windows 10 10.0 (amd64) 
200610 180338.900|INFO|AWT-EventQueue-0|info|Login: 130 (aka team130)
200610 180338.900|INFO|AWT-EventQueue-0|startLog|Working directory is C:\Users\Admin\Desktop\CTDL_GT_TS\Thuc Hanh\Buoi 2\pc2Client\pc2Client\bin
200610 180338.901|INFO|AWT-EventQueue-0|startLog|Process id is 18792@DESKTOP-S30D2EK
200610 180338.901|INFO|AWT-EventQueue-0|info|Contacting server at 203.162.10.117:50002 as TEAM130 @ site 0
200610 180338.901|INFO|AWT-EventQueue-0|info|sendLoginRequest start - sending from TEAM130 @ site 0
200610 180338.902|INFO|AWT-EventQueue-0|sendToLocalServer|Sending packet to server Packet[LOGIN_REQUEST] #2 TEAM130 @ site 0 -> SERVER0 @ site 0
200610 180338.902|INFO|AWT-EventQueue-0|sendToLocalServer|Sent    packet to server Packet[LOGIN_REQUEST] #2 TEAM130 @ site 0 -> SERVER0 @ site 0
200610 180338.902|INFO|AWT-EventQueue-0|info|sendLoginRequest end - packet sent.
200610 180338.902|INFO|Thread-6|run|send(Serializable)
200610 180339.040|INFO|Thread-1|receive|public void receive(SealedObject TransportPacket, ConnectionHandlerID connectionHandlerID)
200610 180339.080|INFO|Thread-7|info| receiveObject(S) start got Packet[LOGIN_SUCCESS] #510 SERVER0 @ site 1 -> TEAM130 @ site 1
200610 180339.081|INFO|Thread-7|dumpPacket|Packet LOGIN_SUCCESS (Seq #510, o#510 ) recieveObject
200610 180339.081|INFO|Thread-7|dumpPacket|  From: SERVER0 @ site 1, oSERVER0 @ site 1 (CNTT1-CNPM @ 10.170.100.147) (Contest Id: Default-4356663172451421221)
200610 180339.081|INFO|Thread-7|dumpPacket|    To: TEAM130 @ site 1
200610 180339.081|INFO|Thread-7|dumpPacket|   key: CLARIFICATION_LIST is: [Ledu.csus.ecs.pc2.core.model.Clarification; [Ledu.csus.ecs.pc2.core.model.Clarification;@2b015e5d
200610 180339.081|INFO|Thread-7|dumpPacket|   key: JUDGEMENT_LIST is: [Ledu.csus.ecs.pc2.core.model.Judgement; [Ledu.csus.ecs.pc2.core.model.Judgement;@25c6b54d
200610 180339.081|INFO|Thread-7|dumpPacket|   key: GENERAL_PROBLEM is: edu.csus.ecs.pc2.core.model.Problem General
200610 180339.081|INFO|Thread-7|dumpPacket|   key: LANGUAGE_LIST is: [Ledu.csus.ecs.pc2.core.model.Language; [Ledu.csus.ecs.pc2.core.model.Language;@21f9352d
200610 180339.081|INFO|Thread-7|dumpPacket|   key: SITE_LIST is: [Ledu.csus.ecs.pc2.core.model.Site; [Ledu.csus.ecs.pc2.core.model.Site;@64fbbf76
200610 180339.081|INFO|Thread-7|dumpPacket|   key: GROUP_LIST is: [Ledu.csus.ecs.pc2.core.model.Group; [Ledu.csus.ecs.pc2.core.model.Group;@45a9f602
200610 180339.081|INFO|Thread-7|dumpPacket|   key: CONTEST_TIME_LIST is: [Ledu.csus.ecs.pc2.core.model.ContestTime; [Ledu.csus.ecs.pc2.core.model.ContestTime;@55d55f27
200610 180339.082|INFO|Thread-7|dumpPacket|   key: CONTEST_INFORMATION is: edu.csus.ecs.pc2.core.model.ContestInformation edu.csus.ecs.pc2.core.model.ContestInformation@3d6d48ed
200610 180339.082|INFO|Thread-7|dumpPacket|   key: CONTEST_TIME is: edu.csus.ecs.pc2.core.model.ContestTime edu.csus.ecs.pc2.core.model.ContestTime@4d44039
200610 180339.082|INFO|Thread-7|dumpPacket|   key: REMOTE_LOGGED_IN_USERS is: [Ledu.csus.ecs.pc2.core.model.ClientId; [Ledu.csus.ecs.pc2.core.model.ClientId;@e47af47
200610 180339.082|INFO|Thread-7|dumpPacket|   key: CONNECTION_HANDLE_ID_LIST is: [Ledu.csus.ecs.pc2.core.transport.ConnectionHandlerID; [Ledu.csus.ecs.pc2.core.transport.ConnectionHandlerID;@7114e5cf
200610 180339.082|INFO|Thread-7|dumpPacket|   key: BALLOON_SETTINGS_LIST is: [Ledu.csus.ecs.pc2.core.model.BalloonSettings; [Ledu.csus.ecs.pc2.core.model.BalloonSettings;@2669e120
200610 180339.082|INFO|Thread-7|dumpPacket|   key: PROFILE is: edu.csus.ecs.pc2.core.model.Profile Default-1072222057009485758
200610 180339.082|INFO|Thread-7|dumpPacket|   key: RUN_LIST is: [Ledu.csus.ecs.pc2.core.model.Run; [Ledu.csus.ecs.pc2.core.model.Run;@9ab85c
200610 180339.082|INFO|Thread-7|dumpPacket|   key: PROFILE_LIST is: [Ledu.csus.ecs.pc2.core.model.Profile; [Ledu.csus.ecs.pc2.core.model.Profile;@3394129f
200610 180339.082|INFO|Thread-7|dumpPacket|   key: LOCAL_LOGGED_IN_USERS is: [Ledu.csus.ecs.pc2.core.model.ClientId; [Ledu.csus.ecs.pc2.core.model.ClientId;@6578b3bf
200610 180339.082|INFO|Thread-7|dumpPacket|   key: ACCOUNT_ARRAY is: [Ledu.csus.ecs.pc2.core.model.Account; [Ledu.csus.ecs.pc2.core.model.Account;@c712ed1
200610 180339.083|INFO|Thread-7|dumpPacket|   key: CLIENT_SETTINGS_LIST is: [Ledu.csus.ecs.pc2.core.model.ClientSettings; [Ledu.csus.ecs.pc2.core.model.ClientSettings;@59fc3f5b
200610 180339.083|INFO|Thread-7|dumpPacket|   key: SITE_NUMBER is: java.lang.Integer 1
200610 180339.083|INFO|Thread-7|dumpPacket|   key: SERVER_CLOCK_OFFSET is: java.util.GregorianCalendar java.util.GregorianCalendar[time=1591787019022,areFieldsSet=true,areAllFieldsSet=false,lenient=true,zone=sun.util.calendar.ZoneInfo[id="GMT",offset=0,dstSavings=0,useDaylight=false,transitions=0,lastRule=null],firstDayOfWeek=1,minimalDaysInFirstWeek=1,ERA=1,YEAR=2020,MONTH=5,WEEK_OF_YEAR=24,WEEK_OF_MONTH=2,DAY_OF_MONTH=10,DAY_OF_YEAR=162,DAY_OF_WEEK=4,DAY_OF_WEEK_IN_MONTH=2,AM_PM=0,HOUR=11,HOUR_OF_DAY=11,MINUTE=3,SECOND=39,MILLISECOND=22,ZONE_OFFSET=0,DST_OFFSET=0]
200610 180339.083|INFO|Thread-7|dumpPacket|   key: CATEGORY_LIST is: [Ledu.csus.ecs.pc2.core.model.Category; [Ledu.csus.ecs.pc2.core.model.Category;@4a6fde11
200610 180339.083|INFO|Thread-7|dumpPacket|   key: PROBLEM_DATA_FILES is: [Ledu.csus.ecs.pc2.core.model.ProblemDataFiles; [Ledu.csus.ecs.pc2.core.model.ProblemDataFiles;@6aaa69a8
200610 180339.083|INFO|Thread-7|dumpPacket|   key: CONTEST_IDENTIFIER is: java.lang.String Default-4356663172451421221
200610 180339.083|INFO|Thread-7|dumpPacket|   key: CLIENT_ID is: edu.csus.ecs.pc2.core.model.ClientId TEAM130 @ site 1
200610 180339.083|INFO|Thread-7|dumpPacket|   key: PROBLEM_LIST is: [Ledu.csus.ecs.pc2.core.model.Problem; [Ledu.csus.ecs.pc2.core.model.Problem;@6fa8d58a
200610 180339.083|INFO|Thread-7|info|handlePacket start Packet[LOGIN_SUCCESS] #510 SERVER0 @ site 1 -> TEAM130 @ site 1
200610 180339.083|INFO|Thread-7|dumpPacket|Packet LOGIN_SUCCESS (Seq #510, o#510 ) handlePacket
200610 180339.083|INFO|Thread-7|dumpPacket|  From: SERVER0 @ site 1, oSERVER0 @ site 1 (CNTT1-CNPM @ 10.170.100.147) (Contest Id: Default-4356663172451421221)
200610 180339.083|INFO|Thread-7|dumpPacket|    To: TEAM130 @ site 1
200610 180339.084|INFO|Thread-7|dumpPacket|   key: CLARIFICATION_LIST is: [Ledu.csus.ecs.pc2.core.model.Clarification; [Ledu.csus.ecs.pc2.core.model.Clarification;@2b015e5d
200610 180339.084|INFO|Thread-7|dumpPacket|   key: JUDGEMENT_LIST is: [Ledu.csus.ecs.pc2.core.model.Judgement; [Ledu.csus.ecs.pc2.core.model.Judgement;@25c6b54d
200610 180339.084|INFO|Thread-7|dumpPacket|   key: GENERAL_PROBLEM is: edu.csus.ecs.pc2.core.model.Problem General
200610 180339.084|INFO|Thread-7|dumpPacket|   key: LANGUAGE_LIST is: [Ledu.csus.ecs.pc2.core.model.Language; [Ledu.csus.ecs.pc2.core.model.Language;@21f9352d
200610 180339.084|INFO|Thread-7|dumpPacket|   key: SITE_LIST is: [Ledu.csus.ecs.pc2.core.model.Site; [Ledu.csus.ecs.pc2.core.model.Site;@64fbbf76
200610 180339.084|INFO|Thread-7|dumpPacket|   key: GROUP_LIST is: [Ledu.csus.ecs.pc2.core.model.Group; [Ledu.csus.ecs.pc2.core.model.Group;@45a9f602
200610 180339.084|INFO|Thread-7|dumpPacket|   key: CONTEST_TIME_LIST is: [Ledu.csus.ecs.pc2.core.model.ContestTime; [Ledu.csus.ecs.pc2.core.model.ContestTime;@55d55f27
200610 180339.084|INFO|Thread-7|dumpPacket|   key: CONTEST_INFORMATION is: edu.csus.ecs.pc2.core.model.ContestInformation edu.csus.ecs.pc2.core.model.ContestInformation@3d6d48ed
200610 180339.084|INFO|Thread-7|dumpPacket|   key: CONTEST_TIME is: edu.csus.ecs.pc2.core.model.ContestTime edu.csus.ecs.pc2.core.model.ContestTime@4d44039
200610 180339.084|INFO|Thread-7|dumpPacket|   key: REMOTE_LOGGED_IN_USERS is: [Ledu.csus.ecs.pc2.core.model.ClientId; [Ledu.csus.ecs.pc2.core.model.ClientId;@e47af47
200610 180339.084|INFO|Thread-7|dumpPacket|   key: CONNECTION_HANDLE_ID_LIST is: [Ledu.csus.ecs.pc2.core.transport.ConnectionHandlerID; [Ledu.csus.ecs.pc2.core.transport.ConnectionHandlerID;@7114e5cf
200610 180339.084|INFO|Thread-7|dumpPacket|   key: BALLOON_SETTINGS_LIST is: [Ledu.csus.ecs.pc2.core.model.BalloonSettings; [Ledu.csus.ecs.pc2.core.model.BalloonSettings;@2669e120
200610 180339.085|INFO|Thread-7|dumpPacket|   key: PROFILE is: edu.csus.ecs.pc2.core.model.Profile Default-1072222057009485758
200610 180339.085|INFO|Thread-7|dumpPacket|   key: RUN_LIST is: [Ledu.csus.ecs.pc2.core.model.Run; [Ledu.csus.ecs.pc2.core.model.Run;@9ab85c
200610 180339.085|INFO|Thread-7|dumpPacket|   key: PROFILE_LIST is: [Ledu.csus.ecs.pc2.core.model.Profile; [Ledu.csus.ecs.pc2.core.model.Profile;@3394129f
200610 180339.085|INFO|Thread-7|dumpPacket|   key: LOCAL_LOGGED_IN_USERS is: [Ledu.csus.ecs.pc2.core.model.ClientId; [Ledu.csus.ecs.pc2.core.model.ClientId;@6578b3bf
200610 180339.085|INFO|Thread-7|dumpPacket|   key: ACCOUNT_ARRAY is: [Ledu.csus.ecs.pc2.core.model.Account; [Ledu.csus.ecs.pc2.core.model.Account;@c712ed1
200610 180339.085|INFO|Thread-7|dumpPacket|   key: CLIENT_SETTINGS_LIST is: [Ledu.csus.ecs.pc2.core.model.ClientSettings; [Ledu.csus.ecs.pc2.core.model.ClientSettings;@59fc3f5b
200610 180339.085|INFO|Thread-7|dumpPacket|   key: SITE_NUMBER is: java.lang.Integer 1
200610 180339.085|INFO|Thread-7|dumpPacket|   key: SERVER_CLOCK_OFFSET is: java.util.GregorianCalendar java.util.GregorianCalendar[time=1591787019022,areFieldsSet=true,areAllFieldsSet=false,lenient=true,zone=sun.util.calendar.ZoneInfo[id="GMT",offset=0,dstSavings=0,useDaylight=false,transitions=0,lastRule=null],firstDayOfWeek=1,minimalDaysInFirstWeek=1,ERA=1,YEAR=2020,MONTH=5,WEEK_OF_YEAR=24,WEEK_OF_MONTH=2,DAY_OF_MONTH=10,DAY_OF_YEAR=162,DAY_OF_WEEK=4,DAY_OF_WEEK_IN_MONTH=2,AM_PM=0,HOUR=11,HOUR_OF_DAY=11,MINUTE=3,SECOND=39,MILLISECOND=22,ZONE_OFFSET=0,DST_OFFSET=0]
200610 180339.085|INFO|Thread-7|dumpPacket|   key: CATEGORY_LIST is: [Ledu.csus.ecs.pc2.core.model.Category; [Ledu.csus.ecs.pc2.core.model.Category;@4a6fde11
200610 180339.085|INFO|Thread-7|dumpPacket|   key: PROBLEM_DATA_FILES is: [Ledu.csus.ecs.pc2.core.model.ProblemDataFiles; [Ledu.csus.ecs.pc2.core.model.ProblemDataFiles;@6aaa69a8
200610 180339.085|INFO|Thread-7|dumpPacket|   key: CONTEST_IDENTIFIER is: java.lang.String Default-4356663172451421221
200610 180339.086|INFO|Thread-7|dumpPacket|   key: CLIENT_ID is: edu.csus.ecs.pc2.core.model.ClientId TEAM130 @ site 1
200610 180339.086|INFO|Thread-7|dumpPacket|   key: PROBLEM_LIST is: [Ledu.csus.ecs.pc2.core.model.Problem; [Ledu.csus.ecs.pc2.core.model.Problem;@6fa8d58a
200610 180350.408|INFO|Thread-9|run|send(Serializable)
200610 180350.513|INFO|Thread-1|receive|public void receive(SealedObject TransportPacket, ConnectionHandlerID connectionHandlerID)
200610 180352.616|INFO|Thread-1|receive|public void receive(SealedObject TransportPacket, ConnectionHandlerID connectionHandlerID)
200610 180821.680|INFO|Thread-12|run|send(Serializable)
200610 180821.767|INFO|Thread-1|receive|public void receive(SealedObject TransportPacket, ConnectionHandlerID connectionHandlerID)
200610 180824.326|INFO|Thread-1|receive|public void receive(SealedObject TransportPacket, ConnectionHandlerID connectionHandlerID)
200610 181252.911|INFO|Thread-15|run|send(Serializable)
200610 181253.005|INFO|Thread-1|receive|public void receive(SealedObject TransportPacket, ConnectionHandlerID connectionHandlerID)
200610 181254.894|INFO|Thread-1|receive|public void receive(SealedObject TransportPacket, ConnectionHandlerID connectionHandlerID)
200610 184407.888|INFO|Thread-18|run|send(Serializable)
200610 184408.018|INFO|Thread-1|receive|public void receive(SealedObject TransportPacket, ConnectionHandlerID connectionHandlerID)
200610 184410.256|INFO|Thread-1|receive|public void receive(SealedObject TransportPacket, ConnectionHandlerID connectionHandlerID)
200610 184903.695|INFO|Thread-21|run|send(Serializable)
200610 184903.821|INFO|Thread-1|receive|public void receive(SealedObject TransportPacket, ConnectionHandlerID connectionHandlerID)
200610 184906.214|INFO|Thread-1|receive|public void receive(SealedObject TransportPacket, ConnectionHandlerID connectionHandlerID)
200610 185700.923|INFO|Thread-1|receive|public void receive(SealedObject TransportPacket, ConnectionHandlerID connectionHandlerID)
200610 185701.427|INFO|Thread-1|receive|public void receive(SealedObject TransportPacket, ConnectionHandlerID connectionHandlerID)
200610 190031.095|INFO|Thread-1|receive|public void receive(SealedObject TransportPacket, ConnectionHandlerID connectionHandlerID)
200610 190046.509|INFO|Thread-1|receive|public void receive(SealedObject TransportPacket, ConnectionHandlerID connectionHandlerID)
200610 190046.530|INFO|Thread-1|receive|public void receive(SealedObject TransportPacket, ConnectionHandlerID connectionHandlerID)
200610 190046.916|INFO|Thread-1|receive|public void receive(SealedObject TransportPacket, ConnectionHandlerID connectionHandlerID)
200610 190051.164|INFO|Thread-1|receive|public void receive(SealedObject TransportPacket, ConnectionHandlerID connectionHandlerID)
200610 190057.590|INFO|Thread-1|receive|public void receive(SealedObject TransportPacket, ConnectionHandlerID connectionHandlerID)
200610 191405.014|INFO|Thread-32|run|send(Serializable)
200610 191405.149|INFO|Thread-1|receive|public void receive(SealedObject TransportPacket, ConnectionHandlerID connectionHandlerID)
200610 191408.603|INFO|Thread-1|receive|public void receive(SealedObject TransportPacket, ConnectionHandlerID connectionHandlerID)
200610 191603.478|INFO|Thread-35|run|send(Serializable)
200610 191603.667|INFO|Thread-1|receive|public void receive(SealedObject TransportPacket, ConnectionHandlerID connectionHandlerID)
200610 191613.929|INFO|Thread-1|receive|public void receive(SealedObject TransportPacket, ConnectionHandlerID connectionHandlerID)
200610 191741.862|INFO|Thread-38|run|send(Serializable)
200610 191742.031|INFO|Thread-1|receive|public void receive(SealedObject TransportPacket, ConnectionHandlerID connectionHandlerID)
200610 191744.232|INFO|Thread-1|receive|public void receive(SealedObject TransportPacket, ConnectionHandlerID connectionHandlerID)
200610 192016.669|INFO|Thread-41|run|send(Serializable)
200610 192016.804|INFO|Thread-1|receive|public void receive(SealedObject TransportPacket, ConnectionHandlerID connectionHandlerID)
200610 192019.904|INFO|Thread-1|receive|public void receive(SealedObject TransportPacket, ConnectionHandlerID connectionHandlerID)
200610 194138.364|INFO|Thread-44|run|send(Serializable)
200610 194138.531|INFO|Thread-1|receive|public void receive(SealedObject TransportPacket, ConnectionHandlerID connectionHandlerID)
200610 194141.468|INFO|Thread-1|receive|public void receive(SealedObject TransportPacket, ConnectionHandlerID connectionHandlerID)
200610 195019.171|INFO|Thread-47|run|send(Serializable)
200610 195019.333|INFO|Thread-1|receive|public void receive(SealedObject TransportPacket, ConnectionHandlerID connectionHandlerID)
200610 195021.620|INFO|Thread-1|receive|public void receive(SealedObject TransportPacket, ConnectionHandlerID connectionHandlerID)
200610 200054.485|INFO|Thread-1|receive|public void receive(SealedObject TransportPacket, ConnectionHandlerID connectionHandlerID)
