200601 081129.143|CONFIG|main|setFileHandlers|Now logging to C:\Users\Admin\Desktop\CTDL_GT_TS\pc2Client\pc2Client\bin\logs directory.
200601 081129.143|INFO|main|info|
200601 081129.159|INFO|main|info|Version 9.6.0 20190102 (Wednesday, January 2nd 2019 01:20 UTC) Java ver 1.8.0_201 build 5102 Windows 10 10.0 (amd64) 
200601 081129.159|INFO|main|startLog|Working directory is C:\Users\Admin\Desktop\CTDL_GT_TS\pc2Client\pc2Client\bin
200601 081129.159|INFO|main|startLog|Process id is 4896@DESKTOP-S30D2EK
200601 081129.159|INFO|main|start|Starting ConnectionManager...
200601 081129.456|INFO|main|start|Started ConnectionManager
200601 081129.471|INFO|main|setClientServerAndPort|INIFile File location: file:/C:/Users/Admin/Desktop/CTDL_GT_TS/pc2Client/pc2Client/bin/pc2v9.ini
200601 081129.471|INFO|main|setClientServerAndPort|setClientServerAndPort 203.162.88.119 parsed as 203.162.88.119 port 51002
200601 081129.471|INFO|main|info|Contacting server at 203.162.88.119:51002
200601 081129.471|INFO|main|connectToMyServer|Connecting to 203.162.88.119:51002
200601 081129.596|INFO|Thread-1|receiveUnencrypted|receiveUnencrypted(TransportWrapper, ConnectionHandlerID=Socket[addr=/203.162.88.119,port=51002,localport=49873]-3147698189090060937)
200601 081129.893|INFO|Thread-1|receiveUnencrypted|receiveUnencrypted Made a secret key for Socket[addr=/203.162.88.119,port=51002,localport=49873]-3147698189090060937 key is com.sun.crypto.provider.DESKey@fffe7be6
200601 081129.893|INFO|Thread-1|getPublicKeyPacket|Generating Unencrypted Public Key Packet
200601 081129.909|INFO|Thread-1|getPublicKeyPacket|checking key:= SunJCE Diffie-Hellman Public Key:
y:
    4f0128ce 89e51ac4 78ef2388 1b60aa77 94b979b6 a9367098 ac07923e 52e7a24a
    e1c1f198 72df3d3c 44e620a8 ba55fc84 ebeba122 93dd2f64 8b07e3c4 fe7d149c
    9cd32766 ab4d6caf f4ad325a 2f5eb6a7 62be0d44 dbdfa819 fcff1679 957bf26f
    7ed13c47 f55aefca 3d67b37c 8e4efb3d 7d0a950a 491c54b4 c67ee053 5a4c06ba
p:
    f488fd58 4e49dbcd 20b49de4 9107366b 336c380d 451d0f7c 88b31c7c 5b2d8ef6
    f3c923c0 43f0a55b 188d8ebb 558cb85d 38d334fd 7c175743 a31d186c de33212c
    b52aff3c e1b12940 18118d7c 84a70a72 d686c403 19c80729 7aca950c d9969fab
    d00a509b 0246d308 3d66a45d 419f9c7c bd894b22 1926baab a25ec355 e92f78c7
g:
    02
l:
    512
200601 081129.909|INFO|Thread-1|getPublicKeyPacket|packet:= edu.csus.ecs.pc2.core.transport.TransportWrapper@46bf4e
200601 122014.305|INFO|Thread-1|receive|SocketException in receive for Socket[addr=/203.162.88.119,port=51002,localport=49873]-3147698189090060937
|java.net.SocketException: Network is unreachable: recv failed
|    at java.net.SocketInputStream.socketRead0 (Unknown Source)
|    at java.net.SocketInputStream.socketRead (Unknown Source)
|    at java.net.SocketInputStream.read (Unknown Source)
|    at java.net.SocketInputStream.read (Unknown Source)
|    at java.io.ObjectInputStream$PeekInputStream.read (Unknown Source)
|    at java.io.ObjectInputStream$BlockDataInputStream.read (Unknown Source)
|    at java.io.ObjectInputStream$BlockDataInputStream.readFully (Unknown Source)
|    at java.io.ObjectInputStream.readArray (Unknown Source)
|    at java.io.ObjectInputStream.readObject0 (Unknown Source)
|    at java.io.ObjectInputStream.defaultReadFields (Unknown Source)
|    at java.io.ObjectInputStream.defaultReadObject (Unknown Source)
|    at javax.crypto.SealedObject.readObject (SealedObject.java:429)
|    at sun.reflect.GeneratedMethodAccessor21.invoke (Unknown Source)
|    at sun.reflect.DelegatingMethodAccessorImpl.invoke (Unknown Source)
|    at java.lang.reflect.Method.invoke (Unknown Source)
|    at java.io.ObjectStreamClass.invokeReadObject (Unknown Source)
|    at java.io.ObjectInputStream.readSerialData (Unknown Source)
|    at java.io.ObjectInputStream.readOrdinaryObject (Unknown Source)
|    at java.io.ObjectInputStream.readObject0 (Unknown Source)
|    at java.io.ObjectInputStream.readObject (Unknown Source)
|    at edu.csus.ecs.pc2.core.transport.ConnectionHandlerThread.receive (ConnectionHandlerThread.java:151)
|    at edu.csus.ecs.pc2.core.transport.ConnectionHandlerClientThread.run (ConnectionHandlerClientThread.java:65)
200601 122014.438|FINER|Thread-1|run|THROW
|edu.csus.ecs.pc2.core.transport.TransportException: Network is unreachable: recv failed
|    at edu.csus.ecs.pc2.core.transport.ConnectionHandlerThread.receive (ConnectionHandlerThread.java:155)
|    at edu.csus.ecs.pc2.core.transport.ConnectionHandlerClientThread.run (ConnectionHandlerClientThread.java:65)
200601 122014.438|INFO|Thread-1|receive|SocketException in receive for Socket[addr=/203.162.88.119,port=51002,localport=49873]-3147698189090060937
|java.net.SocketException: Connection reset
|    at java.net.SocketInputStream.read (Unknown Source)
|    at java.net.SocketInputStream.read (Unknown Source)
|    at java.net.SocketInputStream.read (Unknown Source)
|    at java.io.ObjectInputStream$PeekInputStream.peek (Unknown Source)
|    at java.io.ObjectInputStream$BlockDataInputStream.peek (Unknown Source)
|    at java.io.ObjectInputStream$BlockDataInputStream.peekByte (Unknown Source)
|    at java.io.ObjectInputStream.readObject0 (Unknown Source)
|    at java.io.ObjectInputStream.readObject (Unknown Source)
|    at edu.csus.ecs.pc2.core.transport.ConnectionHandlerThread.receive (ConnectionHandlerThread.java:151)
|    at edu.csus.ecs.pc2.core.transport.ConnectionHandlerClientThread.run (ConnectionHandlerClientThread.java:65)
200601 122014.438|FINER|Thread-1|run|THROW
|edu.csus.ecs.pc2.core.transport.TransportException: Connection reset
|    at edu.csus.ecs.pc2.core.transport.ConnectionHandlerThread.receive (ConnectionHandlerThread.java:155)
|    at edu.csus.ecs.pc2.core.transport.ConnectionHandlerClientThread.run (ConnectionHandlerClientThread.java:65)
